mode: set
github.com/kubeflow/trainer/v2/pkg/apply/apply.go:37.114,38.30 1 1
github.com/kubeflow/trainer/v2/pkg/apply/apply.go:38.30,40.3 1 1
github.com/kubeflow/trainer/v2/pkg/apply/apply.go:43.118,44.25 1 1
github.com/kubeflow/trainer/v2/pkg/apply/apply.go:44.25,46.3 1 1
github.com/kubeflow/trainer/v2/pkg/apply/apply.go:49.114,50.30 1 1
github.com/kubeflow/trainer/v2/pkg/apply/apply.go:50.30,52.3 1 1
github.com/kubeflow/trainer/v2/pkg/apply/apply.go:55.127,56.29 1 1
github.com/kubeflow/trainer/v2/pkg/apply/apply.go:56.29,58.3 1 1
github.com/kubeflow/trainer/v2/pkg/apply/apply.go:61.64,63.2 1 1
github.com/kubeflow/trainer/v2/pkg/apply/apply.go:65.80,67.2 1 1
github.com/kubeflow/trainer/v2/pkg/apply/apply.go:69.64,71.2 1 1
github.com/kubeflow/trainer/v2/pkg/apply/apply.go:73.74,75.2 1 1
github.com/kubeflow/trainer/v2/pkg/apply/apply.go:79.62,80.27 1 1
github.com/kubeflow/trainer/v2/pkg/apply/apply.go:80.27,81.25 1 1
github.com/kubeflow/trainer/v2/pkg/apply/apply.go:81.25,84.4 2 1
github.com/kubeflow/trainer/v2/pkg/apply/apply.go:86.2,86.31 1 1
github.com/kubeflow/trainer/v2/pkg/apply/apply.go:89.65,91.38 2 1
github.com/kubeflow/trainer/v2/pkg/apply/apply.go:91.38,93.39 2 1
github.com/kubeflow/trainer/v2/pkg/apply/apply.go:93.39,95.4 1 1
github.com/kubeflow/trainer/v2/pkg/apply/apply.go:96.3,96.47 1 1
github.com/kubeflow/trainer/v2/pkg/apply/apply.go:96.47,101.4 1 1
github.com/kubeflow/trainer/v2/pkg/apply/apply.go:102.3,102.46 1 1
github.com/kubeflow/trainer/v2/pkg/apply/apply.go:102.46,104.49 2 1
github.com/kubeflow/trainer/v2/pkg/apply/apply.go:104.49,106.5 1 1
github.com/kubeflow/trainer/v2/pkg/apply/apply.go:107.4,107.35 1 1
github.com/kubeflow/trainer/v2/pkg/apply/apply.go:109.3,109.43 1 1
github.com/kubeflow/trainer/v2/pkg/apply/apply.go:109.43,111.49 2 1
github.com/kubeflow/trainer/v2/pkg/apply/apply.go:111.49,113.5 1 1
github.com/kubeflow/trainer/v2/pkg/apply/apply.go:114.4,114.32 1 1
github.com/kubeflow/trainer/v2/pkg/apply/apply.go:116.3,116.31 1 1
github.com/kubeflow/trainer/v2/pkg/apply/apply.go:117.8,119.3 1 1
github.com/kubeflow/trainer/v2/pkg/apply/apply.go:120.2,120.15 1 1
github.com/kubeflow/trainer/v2/pkg/apply/apply.go:123.70,125.24 2 1
github.com/kubeflow/trainer/v2/pkg/apply/apply.go:125.24,127.3 1 1
github.com/kubeflow/trainer/v2/pkg/apply/apply.go:128.2,128.13 1 1
github.com/kubeflow/trainer/v2/pkg/apply/apply.go:131.87,133.16 2 1
github.com/kubeflow/trainer/v2/pkg/apply/apply.go:133.16,135.3 1 0
github.com/kubeflow/trainer/v2/pkg/apply/apply.go:136.2,137.16 2 1
github.com/kubeflow/trainer/v2/pkg/apply/apply.go:137.16,139.3 1 0
github.com/kubeflow/trainer/v2/pkg/apply/apply.go:140.2,140.9 1 1
github.com/kubeflow/trainer/v2/pkg/apply/apply.go:140.9,142.3 1 1
github.com/kubeflow/trainer/v2/pkg/apply/apply.go:143.2,144.16 2 1
github.com/kubeflow/trainer/v2/pkg/apply/apply.go:144.16,146.3 1 0
github.com/kubeflow/trainer/v2/pkg/apply/apply.go:147.2,148.54 2 1
github.com/kubeflow/trainer/v2/pkg/apply/apply.go:148.54,150.3 1 0
github.com/kubeflow/trainer/v2/pkg/apply/apply.go:151.2,151.22 1 1
github.com/kubeflow/trainer/v2/pkg/apis/config/v1alpha1/defaults.go:24.52,25.29 1 0
github.com/kubeflow/trainer/v2/pkg/apis/config/v1alpha1/defaults.go:25.29,27.3 1 0
github.com/kubeflow/trainer/v2/pkg/apis/config/v1alpha1/defaults.go:28.2,28.35 1 0
github.com/kubeflow/trainer/v2/pkg/apis/config/v1alpha1/defaults.go:28.35,30.3 1 0
github.com/kubeflow/trainer/v2/pkg/apis/config/v1alpha1/defaults.go:31.2,31.38 1 0
github.com/kubeflow/trainer/v2/pkg/apis/config/v1alpha1/defaults.go:31.38,33.3 1 0
github.com/kubeflow/trainer/v2/pkg/apis/config/v1alpha1/defaults.go:34.2,34.45 1 0
github.com/kubeflow/trainer/v2/pkg/apis/config/v1alpha1/defaults.go:34.45,36.3 1 0
github.com/kubeflow/trainer/v2/pkg/apis/config/v1alpha1/defaults.go:37.2,37.44 1 0
github.com/kubeflow/trainer/v2/pkg/apis/config/v1alpha1/defaults.go:37.44,39.3 1 0
github.com/kubeflow/trainer/v2/pkg/apis/config/v1alpha1/defaults.go:40.2,40.43 1 0
github.com/kubeflow/trainer/v2/pkg/apis/config/v1alpha1/defaults.go:40.43,42.3 1 0
github.com/kubeflow/trainer/v2/pkg/apis/config/v1alpha1/defaults.go:43.2,43.31 1 0
github.com/kubeflow/trainer/v2/pkg/apis/config/v1alpha1/defaults.go:43.31,45.3 1 0
github.com/kubeflow/trainer/v2/pkg/apis/config/v1alpha1/defaults.go:46.2,46.38 1 0
github.com/kubeflow/trainer/v2/pkg/apis/config/v1alpha1/defaults.go:46.38,48.3 1 0
github.com/kubeflow/trainer/v2/pkg/apis/config/v1alpha1/defaults.go:49.2,49.49 1 0
github.com/kubeflow/trainer/v2/pkg/apis/config/v1alpha1/defaults.go:49.49,51.3 1 0
github.com/kubeflow/trainer/v2/pkg/apis/config/v1alpha1/defaults.go:52.2,52.48 1 0
github.com/kubeflow/trainer/v2/pkg/apis/config/v1alpha1/defaults.go:52.48,54.3 1 0
github.com/kubeflow/trainer/v2/pkg/apis/config/v1alpha1/defaults.go:55.2,55.33 1 0
github.com/kubeflow/trainer/v2/pkg/apis/config/v1alpha1/defaults.go:55.33,57.3 1 0
github.com/kubeflow/trainer/v2/pkg/apis/config/v1alpha1/defaults.go:58.2,58.37 1 0
github.com/kubeflow/trainer/v2/pkg/apis/config/v1alpha1/defaults.go:58.37,60.3 1 0
github.com/kubeflow/trainer/v2/pkg/apis/config/v1alpha1/defaults.go:61.2,61.39 1 0
github.com/kubeflow/trainer/v2/pkg/apis/config/v1alpha1/defaults.go:61.39,63.3 1 0
github.com/kubeflow/trainer/v2/pkg/apis/config/v1alpha1/groupversion_info.go:38.50,43.2 2 0
github.com/kubeflow/trainer/v2/pkg/apis/config/v1alpha1/zz_generated.deepcopy.go:27.61,29.22 2 0
github.com/kubeflow/trainer/v2/pkg/apis/config/v1alpha1/zz_generated.deepcopy.go:29.22,33.3 3 0
github.com/kubeflow/trainer/v2/pkg/apis/config/v1alpha1/zz_generated.deepcopy.go:37.54,38.15 1 0
github.com/kubeflow/trainer/v2/pkg/apis/config/v1alpha1/zz_generated.deepcopy.go:38.15,40.3 1 0
github.com/kubeflow/trainer/v2/pkg/apis/config/v1alpha1/zz_generated.deepcopy.go:41.2,43.12 3 0
github.com/kubeflow/trainer/v2/pkg/apis/config/v1alpha1/zz_generated.deepcopy.go:47.65,49.19 2 0
github.com/kubeflow/trainer/v2/pkg/apis/config/v1alpha1/zz_generated.deepcopy.go:49.19,53.3 3 0
github.com/kubeflow/trainer/v2/pkg/apis/config/v1alpha1/zz_generated.deepcopy.go:54.2,54.21 1 0
github.com/kubeflow/trainer/v2/pkg/apis/config/v1alpha1/zz_generated.deepcopy.go:54.21,58.3 3 0
github.com/kubeflow/trainer/v2/pkg/apis/config/v1alpha1/zz_generated.deepcopy.go:62.58,63.15 1 0
github.com/kubeflow/trainer/v2/pkg/apis/config/v1alpha1/zz_generated.deepcopy.go:63.15,65.3 1 0
github.com/kubeflow/trainer/v2/pkg/apis/config/v1alpha1/zz_generated.deepcopy.go:66.2,68.12 3 0
github.com/kubeflow/trainer/v2/pkg/apis/config/v1alpha1/zz_generated.deepcopy.go:72.59,76.30 4 0
github.com/kubeflow/trainer/v2/pkg/apis/config/v1alpha1/zz_generated.deepcopy.go:76.30,80.3 3 0
github.com/kubeflow/trainer/v2/pkg/apis/config/v1alpha1/zz_generated.deepcopy.go:81.2,83.26 3 0
github.com/kubeflow/trainer/v2/pkg/apis/config/v1alpha1/zz_generated.deepcopy.go:83.26,87.3 3 0
github.com/kubeflow/trainer/v2/pkg/apis/config/v1alpha1/zz_generated.deepcopy.go:88.2,88.30 1 0
github.com/kubeflow/trainer/v2/pkg/apis/config/v1alpha1/zz_generated.deepcopy.go:88.30,92.3 3 0
github.com/kubeflow/trainer/v2/pkg/apis/config/v1alpha1/zz_generated.deepcopy.go:93.2,93.32 1 0
github.com/kubeflow/trainer/v2/pkg/apis/config/v1alpha1/zz_generated.deepcopy.go:93.32,97.3 3 0
github.com/kubeflow/trainer/v2/pkg/apis/config/v1alpha1/zz_generated.deepcopy.go:98.2,98.28 1 0
github.com/kubeflow/trainer/v2/pkg/apis/config/v1alpha1/zz_generated.deepcopy.go:98.28,101.29 3 0
github.com/kubeflow/trainer/v2/pkg/apis/config/v1alpha1/zz_generated.deepcopy.go:101.29,103.4 1 0
github.com/kubeflow/trainer/v2/pkg/apis/config/v1alpha1/zz_generated.deepcopy.go:108.52,109.15 1 0
github.com/kubeflow/trainer/v2/pkg/apis/config/v1alpha1/zz_generated.deepcopy.go:109.15,111.3 1 0
github.com/kubeflow/trainer/v2/pkg/apis/config/v1alpha1/zz_generated.deepcopy.go:112.2,114.12 3 0
github.com/kubeflow/trainer/v2/pkg/apis/config/v1alpha1/zz_generated.deepcopy.go:118.58,119.34 1 0
github.com/kubeflow/trainer/v2/pkg/apis/config/v1alpha1/zz_generated.deepcopy.go:119.34,121.3 1 0
github.com/kubeflow/trainer/v2/pkg/apis/config/v1alpha1/zz_generated.deepcopy.go:122.2,122.12 1 0
github.com/kubeflow/trainer/v2/pkg/apis/config/v1alpha1/zz_generated.deepcopy.go:126.87,128.36 2 0
github.com/kubeflow/trainer/v2/pkg/apis/config/v1alpha1/zz_generated.deepcopy.go:128.36,131.29 3 0
github.com/kubeflow/trainer/v2/pkg/apis/config/v1alpha1/zz_generated.deepcopy.go:131.29,133.4 1 0
github.com/kubeflow/trainer/v2/pkg/apis/config/v1alpha1/zz_generated.deepcopy.go:138.80,139.15 1 0
github.com/kubeflow/trainer/v2/pkg/apis/config/v1alpha1/zz_generated.deepcopy.go:139.15,141.3 1 0
github.com/kubeflow/trainer/v2/pkg/apis/config/v1alpha1/zz_generated.deepcopy.go:142.2,144.12 3 0
github.com/kubeflow/trainer/v2/pkg/apis/config/v1alpha1/zz_generated.deepcopy.go:148.65,150.2 1 0
github.com/kubeflow/trainer/v2/pkg/apis/config/v1alpha1/zz_generated.deepcopy.go:153.58,154.15 1 0
github.com/kubeflow/trainer/v2/pkg/apis/config/v1alpha1/zz_generated.deepcopy.go:154.15,156.3 1 0
github.com/kubeflow/trainer/v2/pkg/apis/config/v1alpha1/zz_generated.deepcopy.go:157.2,159.12 3 0
github.com/kubeflow/trainer/v2/pkg/apis/config/v1alpha1/zz_generated.deepcopy.go:163.67,165.29 2 0
github.com/kubeflow/trainer/v2/pkg/apis/config/v1alpha1/zz_generated.deepcopy.go:165.29,169.3 3 0
github.com/kubeflow/trainer/v2/pkg/apis/config/v1alpha1/zz_generated.deepcopy.go:173.60,174.15 1 0
github.com/kubeflow/trainer/v2/pkg/apis/config/v1alpha1/zz_generated.deepcopy.go:174.15,176.3 1 0
github.com/kubeflow/trainer/v2/pkg/apis/config/v1alpha1/zz_generated.deepcopy.go:177.2,179.12 3 0
github.com/kubeflow/trainer/v2/pkg/apis/config/v1alpha1/zz_generated.deepcopy.go:183.67,185.20 2 0
github.com/kubeflow/trainer/v2/pkg/apis/config/v1alpha1/zz_generated.deepcopy.go:185.20,189.3 3 0
github.com/kubeflow/trainer/v2/pkg/apis/config/v1alpha1/zz_generated.deepcopy.go:190.2,190.20 1 0
github.com/kubeflow/trainer/v2/pkg/apis/config/v1alpha1/zz_generated.deepcopy.go:190.20,194.3 3 0
github.com/kubeflow/trainer/v2/pkg/apis/config/v1alpha1/zz_generated.deepcopy.go:198.60,199.15 1 0
github.com/kubeflow/trainer/v2/pkg/apis/config/v1alpha1/zz_generated.deepcopy.go:199.15,201.3 1 0
github.com/kubeflow/trainer/v2/pkg/apis/config/v1alpha1/zz_generated.deepcopy.go:202.2,204.12 3 0
github.com/kubeflow/trainer/v2/pkg/apis/config/v1alpha1/zz_generated.defaults.go:29.53,30.71 1 0
github.com/kubeflow/trainer/v2/pkg/apis/config/v1alpha1/zz_generated.defaults.go:30.71,30.128 1 0
github.com/kubeflow/trainer/v2/pkg/apis/config/v1alpha1/zz_generated.defaults.go:31.2,31.12 1 0
github.com/kubeflow/trainer/v2/pkg/apis/config/v1alpha1/zz_generated.defaults.go:34.57,36.2 1 0
github.com/kubeflow/trainer/v2/pkg/client/applyconfiguration/internal/internal.go:26.29,27.23 1 0
github.com/kubeflow/trainer/v2/pkg/client/applyconfiguration/internal/internal.go:27.23,30.17 3 0
github.com/kubeflow/trainer/v2/pkg/client/applyconfiguration/internal/internal.go:30.17,31.57 1 0
github.com/kubeflow/trainer/v2/pkg/client/applyconfiguration/internal/internal.go:34.2,34.15 1 0
github.com/kubeflow/trainer/v2/pkg/apis/trainer/v1alpha1/groupversion_info.go:42.53,44.2 1 0
github.com/kubeflow/trainer/v2/pkg/apis/trainer/v1alpha1/trainingruntime_types.go:280.13,282.2 1 0
github.com/kubeflow/trainer/v2/pkg/apis/trainer/v1alpha1/trainjob_types.go:426.13,428.2 1 0
github.com/kubeflow/trainer/v2/pkg/apis/trainer/v1alpha1/zz_generated.deepcopy.go:32.77,38.2 5 0
github.com/kubeflow/trainer/v2/pkg/apis/trainer/v1alpha1/zz_generated.deepcopy.go:41.70,42.15 1 0
github.com/kubeflow/trainer/v2/pkg/apis/trainer/v1alpha1/zz_generated.deepcopy.go:42.15,44.3 1 0
github.com/kubeflow/trainer/v2/pkg/apis/trainer/v1alpha1/zz_generated.deepcopy.go:45.2,47.12 3 0
github.com/kubeflow/trainer/v2/pkg/apis/trainer/v1alpha1/zz_generated.deepcopy.go:51.67,52.34 1 0
github.com/kubeflow/trainer/v2/pkg/apis/trainer/v1alpha1/zz_generated.deepcopy.go:52.34,54.3 1 0
github.com/kubeflow/trainer/v2/pkg/apis/trainer/v1alpha1/zz_generated.deepcopy.go:55.2,55.12 1 0
github.com/kubeflow/trainer/v2/pkg/apis/trainer/v1alpha1/zz_generated.deepcopy.go:59.85,63.21 4 0
github.com/kubeflow/trainer/v2/pkg/apis/trainer/v1alpha1/zz_generated.deepcopy.go:63.21,66.22 3 0
github.com/kubeflow/trainer/v2/pkg/apis/trainer/v1alpha1/zz_generated.deepcopy.go:66.22,68.4 1 0
github.com/kubeflow/trainer/v2/pkg/apis/trainer/v1alpha1/zz_generated.deepcopy.go:70.2,70.8 1 0
github.com/kubeflow/trainer/v2/pkg/apis/trainer/v1alpha1/zz_generated.deepcopy.go:74.78,75.15 1 0
github.com/kubeflow/trainer/v2/pkg/apis/trainer/v1alpha1/zz_generated.deepcopy.go:75.15,77.3 1 0
github.com/kubeflow/trainer/v2/pkg/apis/trainer/v1alpha1/zz_generated.deepcopy.go:78.2,80.12 3 0
github.com/kubeflow/trainer/v2/pkg/apis/trainer/v1alpha1/zz_generated.deepcopy.go:84.71,85.34 1 0
github.com/kubeflow/trainer/v2/pkg/apis/trainer/v1alpha1/zz_generated.deepcopy.go:85.34,87.3 1 0
github.com/kubeflow/trainer/v2/pkg/apis/trainer/v1alpha1/zz_generated.deepcopy.go:88.2,88.12 1 0
github.com/kubeflow/trainer/v2/pkg/apis/trainer/v1alpha1/zz_generated.deepcopy.go:92.67,94.19 2 0
github.com/kubeflow/trainer/v2/pkg/apis/trainer/v1alpha1/zz_generated.deepcopy.go:94.19,97.22 3 0
github.com/kubeflow/trainer/v2/pkg/apis/trainer/v1alpha1/zz_generated.deepcopy.go:97.22,99.4 1 0
github.com/kubeflow/trainer/v2/pkg/apis/trainer/v1alpha1/zz_generated.deepcopy.go:101.2,101.28 1 0
github.com/kubeflow/trainer/v2/pkg/apis/trainer/v1alpha1/zz_generated.deepcopy.go:101.28,104.22 3 0
github.com/kubeflow/trainer/v2/pkg/apis/trainer/v1alpha1/zz_generated.deepcopy.go:104.22,106.4 1 0
github.com/kubeflow/trainer/v2/pkg/apis/trainer/v1alpha1/zz_generated.deepcopy.go:108.2,108.31 1 0
github.com/kubeflow/trainer/v2/pkg/apis/trainer/v1alpha1/zz_generated.deepcopy.go:108.31,112.3 3 0
github.com/kubeflow/trainer/v2/pkg/apis/trainer/v1alpha1/zz_generated.deepcopy.go:113.2,113.8 1 0
github.com/kubeflow/trainer/v2/pkg/apis/trainer/v1alpha1/zz_generated.deepcopy.go:117.60,118.15 1 0
github.com/kubeflow/trainer/v2/pkg/apis/trainer/v1alpha1/zz_generated.deepcopy.go:118.15,120.3 1 0
github.com/kubeflow/trainer/v2/pkg/apis/trainer/v1alpha1/zz_generated.deepcopy.go:121.2,123.12 3 0
github.com/kubeflow/trainer/v2/pkg/apis/trainer/v1alpha1/zz_generated.deepcopy.go:127.97,129.38 2 0
github.com/kubeflow/trainer/v2/pkg/apis/trainer/v1alpha1/zz_generated.deepcopy.go:129.38,133.3 3 0
github.com/kubeflow/trainer/v2/pkg/apis/trainer/v1alpha1/zz_generated.deepcopy.go:134.2,134.8 1 0
github.com/kubeflow/trainer/v2/pkg/apis/trainer/v1alpha1/zz_generated.deepcopy.go:138.90,139.15 1 0
github.com/kubeflow/trainer/v2/pkg/apis/trainer/v1alpha1/zz_generated.deepcopy.go:139.15,141.3 1 0
github.com/kubeflow/trainer/v2/pkg/apis/trainer/v1alpha1/zz_generated.deepcopy.go:142.2,144.12 3 0
github.com/kubeflow/trainer/v2/pkg/apis/trainer/v1alpha1/zz_generated.deepcopy.go:148.69,150.26 2 0
github.com/kubeflow/trainer/v2/pkg/apis/trainer/v1alpha1/zz_generated.deepcopy.go:150.26,154.3 3 0
github.com/kubeflow/trainer/v2/pkg/apis/trainer/v1alpha1/zz_generated.deepcopy.go:155.2,155.19 1 0
github.com/kubeflow/trainer/v2/pkg/apis/trainer/v1alpha1/zz_generated.deepcopy.go:155.19,158.22 3 0
github.com/kubeflow/trainer/v2/pkg/apis/trainer/v1alpha1/zz_generated.deepcopy.go:158.22,160.4 1 0
github.com/kubeflow/trainer/v2/pkg/apis/trainer/v1alpha1/zz_generated.deepcopy.go:162.2,162.25 1 0
github.com/kubeflow/trainer/v2/pkg/apis/trainer/v1alpha1/zz_generated.deepcopy.go:162.25,166.3 3 0
github.com/kubeflow/trainer/v2/pkg/apis/trainer/v1alpha1/zz_generated.deepcopy.go:167.2,167.8 1 0
github.com/kubeflow/trainer/v2/pkg/apis/trainer/v1alpha1/zz_generated.deepcopy.go:171.62,172.15 1 0
github.com/kubeflow/trainer/v2/pkg/apis/trainer/v1alpha1/zz_generated.deepcopy.go:172.15,174.3 1 0
github.com/kubeflow/trainer/v2/pkg/apis/trainer/v1alpha1/zz_generated.deepcopy.go:175.2,177.12 3 0
github.com/kubeflow/trainer/v2/pkg/apis/trainer/v1alpha1/zz_generated.deepcopy.go:181.55,183.23 2 0
github.com/kubeflow/trainer/v2/pkg/apis/trainer/v1alpha1/zz_generated.deepcopy.go:183.23,187.3 3 0
github.com/kubeflow/trainer/v2/pkg/apis/trainer/v1alpha1/zz_generated.deepcopy.go:188.2,188.21 1 0
github.com/kubeflow/trainer/v2/pkg/apis/trainer/v1alpha1/zz_generated.deepcopy.go:188.21,192.3 3 0
github.com/kubeflow/trainer/v2/pkg/apis/trainer/v1alpha1/zz_generated.deepcopy.go:193.2,193.8 1 0
github.com/kubeflow/trainer/v2/pkg/apis/trainer/v1alpha1/zz_generated.deepcopy.go:197.48,198.15 1 0
github.com/kubeflow/trainer/v2/pkg/apis/trainer/v1alpha1/zz_generated.deepcopy.go:198.15,200.3 1 0
github.com/kubeflow/trainer/v2/pkg/apis/trainer/v1alpha1/zz_generated.deepcopy.go:201.2,203.12 3 0
github.com/kubeflow/trainer/v2/pkg/apis/trainer/v1alpha1/zz_generated.deepcopy.go:207.69,212.2 4 0
github.com/kubeflow/trainer/v2/pkg/apis/trainer/v1alpha1/zz_generated.deepcopy.go:215.62,216.15 1 0
github.com/kubeflow/trainer/v2/pkg/apis/trainer/v1alpha1/zz_generated.deepcopy.go:216.15,218.3 1 0
github.com/kubeflow/trainer/v2/pkg/apis/trainer/v1alpha1/zz_generated.deepcopy.go:219.2,221.12 3 0
github.com/kubeflow/trainer/v2/pkg/apis/trainer/v1alpha1/zz_generated.deepcopy.go:225.51,227.21 2 0
github.com/kubeflow/trainer/v2/pkg/apis/trainer/v1alpha1/zz_generated.deepcopy.go:227.21,231.3 3 0
github.com/kubeflow/trainer/v2/pkg/apis/trainer/v1alpha1/zz_generated.deepcopy.go:232.2,232.25 1 0
github.com/kubeflow/trainer/v2/pkg/apis/trainer/v1alpha1/zz_generated.deepcopy.go:232.25,236.3 3 0
github.com/kubeflow/trainer/v2/pkg/apis/trainer/v1alpha1/zz_generated.deepcopy.go:237.2,237.22 1 0
github.com/kubeflow/trainer/v2/pkg/apis/trainer/v1alpha1/zz_generated.deepcopy.go:237.22,241.3 3 0
github.com/kubeflow/trainer/v2/pkg/apis/trainer/v1alpha1/zz_generated.deepcopy.go:242.2,242.22 1 0
github.com/kubeflow/trainer/v2/pkg/apis/trainer/v1alpha1/zz_generated.deepcopy.go:242.22,246.3 3 0
github.com/kubeflow/trainer/v2/pkg/apis/trainer/v1alpha1/zz_generated.deepcopy.go:247.2,247.25 1 0
github.com/kubeflow/trainer/v2/pkg/apis/trainer/v1alpha1/zz_generated.deepcopy.go:247.25,251.3 3 0
github.com/kubeflow/trainer/v2/pkg/apis/trainer/v1alpha1/zz_generated.deepcopy.go:252.2,252.8 1 0
github.com/kubeflow/trainer/v2/pkg/apis/trainer/v1alpha1/zz_generated.deepcopy.go:256.44,257.15 1 0
github.com/kubeflow/trainer/v2/pkg/apis/trainer/v1alpha1/zz_generated.deepcopy.go:257.15,259.3 1 0
github.com/kubeflow/trainer/v2/pkg/apis/trainer/v1alpha1/zz_generated.deepcopy.go:260.2,262.12 3 0
github.com/kubeflow/trainer/v2/pkg/apis/trainer/v1alpha1/zz_generated.deepcopy.go:266.49,268.24 2 0
github.com/kubeflow/trainer/v2/pkg/apis/trainer/v1alpha1/zz_generated.deepcopy.go:268.24,272.3 3 0
github.com/kubeflow/trainer/v2/pkg/apis/trainer/v1alpha1/zz_generated.deepcopy.go:273.2,274.8 2 0
github.com/kubeflow/trainer/v2/pkg/apis/trainer/v1alpha1/zz_generated.deepcopy.go:278.42,279.15 1 0
github.com/kubeflow/trainer/v2/pkg/apis/trainer/v1alpha1/zz_generated.deepcopy.go:279.15,281.3 1 0
github.com/kubeflow/trainer/v2/pkg/apis/trainer/v1alpha1/zz_generated.deepcopy.go:282.2,284.12 3 0
github.com/kubeflow/trainer/v2/pkg/apis/trainer/v1alpha1/zz_generated.deepcopy.go:288.61,290.21 2 0
github.com/kubeflow/trainer/v2/pkg/apis/trainer/v1alpha1/zz_generated.deepcopy.go:290.21,294.3 3 0
github.com/kubeflow/trainer/v2/pkg/apis/trainer/v1alpha1/zz_generated.deepcopy.go:295.2,295.19 1 0
github.com/kubeflow/trainer/v2/pkg/apis/trainer/v1alpha1/zz_generated.deepcopy.go:295.19,299.3 3 0
github.com/kubeflow/trainer/v2/pkg/apis/trainer/v1alpha1/zz_generated.deepcopy.go:300.2,300.8 1 0
github.com/kubeflow/trainer/v2/pkg/apis/trainer/v1alpha1/zz_generated.deepcopy.go:304.54,305.15 1 0
github.com/kubeflow/trainer/v2/pkg/apis/trainer/v1alpha1/zz_generated.deepcopy.go:305.15,307.3 1 0
github.com/kubeflow/trainer/v2/pkg/apis/trainer/v1alpha1/zz_generated.deepcopy.go:308.2,310.12 3 0
github.com/kubeflow/trainer/v2/pkg/apis/trainer/v1alpha1/zz_generated.deepcopy.go:314.67,316.30 2 0
github.com/kubeflow/trainer/v2/pkg/apis/trainer/v1alpha1/zz_generated.deepcopy.go:316.30,320.3 3 0
github.com/kubeflow/trainer/v2/pkg/apis/trainer/v1alpha1/zz_generated.deepcopy.go:321.2,321.33 1 0
github.com/kubeflow/trainer/v2/pkg/apis/trainer/v1alpha1/zz_generated.deepcopy.go:321.33,325.3 3 0
github.com/kubeflow/trainer/v2/pkg/apis/trainer/v1alpha1/zz_generated.deepcopy.go:326.2,326.32 1 0
github.com/kubeflow/trainer/v2/pkg/apis/trainer/v1alpha1/zz_generated.deepcopy.go:326.32,330.3 3 0
github.com/kubeflow/trainer/v2/pkg/apis/trainer/v1alpha1/zz_generated.deepcopy.go:331.2,331.33 1 0
github.com/kubeflow/trainer/v2/pkg/apis/trainer/v1alpha1/zz_generated.deepcopy.go:331.33,335.3 3 0
github.com/kubeflow/trainer/v2/pkg/apis/trainer/v1alpha1/zz_generated.deepcopy.go:336.2,336.8 1 0
github.com/kubeflow/trainer/v2/pkg/apis/trainer/v1alpha1/zz_generated.deepcopy.go:340.60,341.15 1 0
github.com/kubeflow/trainer/v2/pkg/apis/trainer/v1alpha1/zz_generated.deepcopy.go:341.15,343.3 1 0
github.com/kubeflow/trainer/v2/pkg/apis/trainer/v1alpha1/zz_generated.deepcopy.go:344.2,346.12 3 0
github.com/kubeflow/trainer/v2/pkg/apis/trainer/v1alpha1/zz_generated.deepcopy.go:350.65,352.26 2 0
github.com/kubeflow/trainer/v2/pkg/apis/trainer/v1alpha1/zz_generated.deepcopy.go:352.26,356.3 3 0
github.com/kubeflow/trainer/v2/pkg/apis/trainer/v1alpha1/zz_generated.deepcopy.go:357.2,357.19 1 0
github.com/kubeflow/trainer/v2/pkg/apis/trainer/v1alpha1/zz_generated.deepcopy.go:357.19,360.22 3 0
github.com/kubeflow/trainer/v2/pkg/apis/trainer/v1alpha1/zz_generated.deepcopy.go:360.22,362.4 1 0
github.com/kubeflow/trainer/v2/pkg/apis/trainer/v1alpha1/zz_generated.deepcopy.go:364.2,364.25 1 0
github.com/kubeflow/trainer/v2/pkg/apis/trainer/v1alpha1/zz_generated.deepcopy.go:364.25,368.3 3 0
github.com/kubeflow/trainer/v2/pkg/apis/trainer/v1alpha1/zz_generated.deepcopy.go:369.2,369.8 1 0
github.com/kubeflow/trainer/v2/pkg/apis/trainer/v1alpha1/zz_generated.deepcopy.go:373.58,374.15 1 0
github.com/kubeflow/trainer/v2/pkg/apis/trainer/v1alpha1/zz_generated.deepcopy.go:374.15,376.3 1 0
github.com/kubeflow/trainer/v2/pkg/apis/trainer/v1alpha1/zz_generated.deepcopy.go:377.2,379.12 3 0
github.com/kubeflow/trainer/v2/pkg/apis/trainer/v1alpha1/zz_generated.deepcopy.go:383.61,387.2 3 0
github.com/kubeflow/trainer/v2/pkg/apis/trainer/v1alpha1/zz_generated.deepcopy.go:390.54,391.15 1 0
github.com/kubeflow/trainer/v2/pkg/apis/trainer/v1alpha1/zz_generated.deepcopy.go:391.15,393.3 1 0
github.com/kubeflow/trainer/v2/pkg/apis/trainer/v1alpha1/zz_generated.deepcopy.go:394.2,396.12 3 0
github.com/kubeflow/trainer/v2/pkg/apis/trainer/v1alpha1/zz_generated.deepcopy.go:400.73,402.28 2 0
github.com/kubeflow/trainer/v2/pkg/apis/trainer/v1alpha1/zz_generated.deepcopy.go:402.28,406.3 3 0
github.com/kubeflow/trainer/v2/pkg/apis/trainer/v1alpha1/zz_generated.deepcopy.go:407.2,407.23 1 0
github.com/kubeflow/trainer/v2/pkg/apis/trainer/v1alpha1/zz_generated.deepcopy.go:407.23,411.3 3 0
github.com/kubeflow/trainer/v2/pkg/apis/trainer/v1alpha1/zz_generated.deepcopy.go:412.2,412.8 1 0
github.com/kubeflow/trainer/v2/pkg/apis/trainer/v1alpha1/zz_generated.deepcopy.go:416.66,417.15 1 0
github.com/kubeflow/trainer/v2/pkg/apis/trainer/v1alpha1/zz_generated.deepcopy.go:417.15,419.3 1 0
github.com/kubeflow/trainer/v2/pkg/apis/trainer/v1alpha1/zz_generated.deepcopy.go:420.2,422.12 3 0
github.com/kubeflow/trainer/v2/pkg/apis/trainer/v1alpha1/zz_generated.deepcopy.go:426.71,428.26 2 0
github.com/kubeflow/trainer/v2/pkg/apis/trainer/v1alpha1/zz_generated.deepcopy.go:428.26,432.3 3 0
github.com/kubeflow/trainer/v2/pkg/apis/trainer/v1alpha1/zz_generated.deepcopy.go:433.2,433.24 1 0
github.com/kubeflow/trainer/v2/pkg/apis/trainer/v1alpha1/zz_generated.deepcopy.go:433.24,437.3 3 0
github.com/kubeflow/trainer/v2/pkg/apis/trainer/v1alpha1/zz_generated.deepcopy.go:438.2,438.20 1 0
github.com/kubeflow/trainer/v2/pkg/apis/trainer/v1alpha1/zz_generated.deepcopy.go:438.20,442.3 3 0
github.com/kubeflow/trainer/v2/pkg/apis/trainer/v1alpha1/zz_generated.deepcopy.go:443.2,443.8 1 0
github.com/kubeflow/trainer/v2/pkg/apis/trainer/v1alpha1/zz_generated.deepcopy.go:447.64,448.15 1 0
github.com/kubeflow/trainer/v2/pkg/apis/trainer/v1alpha1/zz_generated.deepcopy.go:448.15,450.3 1 0
github.com/kubeflow/trainer/v2/pkg/apis/trainer/v1alpha1/zz_generated.deepcopy.go:451.2,453.12 3 0
github.com/kubeflow/trainer/v2/pkg/apis/trainer/v1alpha1/zz_generated.deepcopy.go:457.89,460.2 2 0
github.com/kubeflow/trainer/v2/pkg/apis/trainer/v1alpha1/zz_generated.deepcopy.go:463.82,464.15 1 0
github.com/kubeflow/trainer/v2/pkg/apis/trainer/v1alpha1/zz_generated.deepcopy.go:464.15,466.3 1 0
github.com/kubeflow/trainer/v2/pkg/apis/trainer/v1alpha1/zz_generated.deepcopy.go:467.2,469.12 3 0
github.com/kubeflow/trainer/v2/pkg/apis/trainer/v1alpha1/zz_generated.deepcopy.go:473.79,475.34 2 0
github.com/kubeflow/trainer/v2/pkg/apis/trainer/v1alpha1/zz_generated.deepcopy.go:475.34,479.3 3 0
github.com/kubeflow/trainer/v2/pkg/apis/trainer/v1alpha1/zz_generated.deepcopy.go:480.2,480.28 1 0
github.com/kubeflow/trainer/v2/pkg/apis/trainer/v1alpha1/zz_generated.deepcopy.go:480.28,483.29 3 0
github.com/kubeflow/trainer/v2/pkg/apis/trainer/v1alpha1/zz_generated.deepcopy.go:483.29,485.4 1 0
github.com/kubeflow/trainer/v2/pkg/apis/trainer/v1alpha1/zz_generated.deepcopy.go:487.2,487.24 1 0
github.com/kubeflow/trainer/v2/pkg/apis/trainer/v1alpha1/zz_generated.deepcopy.go:487.24,491.3 3 0
github.com/kubeflow/trainer/v2/pkg/apis/trainer/v1alpha1/zz_generated.deepcopy.go:492.2,492.27 1 0
github.com/kubeflow/trainer/v2/pkg/apis/trainer/v1alpha1/zz_generated.deepcopy.go:492.27,495.22 3 0
github.com/kubeflow/trainer/v2/pkg/apis/trainer/v1alpha1/zz_generated.deepcopy.go:495.22,497.4 1 0
github.com/kubeflow/trainer/v2/pkg/apis/trainer/v1alpha1/zz_generated.deepcopy.go:499.2,499.31 1 0
github.com/kubeflow/trainer/v2/pkg/apis/trainer/v1alpha1/zz_generated.deepcopy.go:499.31,503.3 3 0
github.com/kubeflow/trainer/v2/pkg/apis/trainer/v1alpha1/zz_generated.deepcopy.go:504.2,504.23 1 0
github.com/kubeflow/trainer/v2/pkg/apis/trainer/v1alpha1/zz_generated.deepcopy.go:504.23,507.22 3 0
github.com/kubeflow/trainer/v2/pkg/apis/trainer/v1alpha1/zz_generated.deepcopy.go:507.22,509.4 1 0
github.com/kubeflow/trainer/v2/pkg/apis/trainer/v1alpha1/zz_generated.deepcopy.go:511.2,511.30 1 0
github.com/kubeflow/trainer/v2/pkg/apis/trainer/v1alpha1/zz_generated.deepcopy.go:511.30,514.22 3 0
github.com/kubeflow/trainer/v2/pkg/apis/trainer/v1alpha1/zz_generated.deepcopy.go:514.22,516.4 1 0
github.com/kubeflow/trainer/v2/pkg/apis/trainer/v1alpha1/zz_generated.deepcopy.go:518.2,518.26 1 0
github.com/kubeflow/trainer/v2/pkg/apis/trainer/v1alpha1/zz_generated.deepcopy.go:518.26,521.22 3 0
github.com/kubeflow/trainer/v2/pkg/apis/trainer/v1alpha1/zz_generated.deepcopy.go:521.22,523.4 1 0
github.com/kubeflow/trainer/v2/pkg/apis/trainer/v1alpha1/zz_generated.deepcopy.go:525.2,525.31 1 0
github.com/kubeflow/trainer/v2/pkg/apis/trainer/v1alpha1/zz_generated.deepcopy.go:525.31,529.3 3 0
github.com/kubeflow/trainer/v2/pkg/apis/trainer/v1alpha1/zz_generated.deepcopy.go:530.2,530.32 1 0
github.com/kubeflow/trainer/v2/pkg/apis/trainer/v1alpha1/zz_generated.deepcopy.go:530.32,534.3 3 0
github.com/kubeflow/trainer/v2/pkg/apis/trainer/v1alpha1/zz_generated.deepcopy.go:535.2,535.8 1 0
github.com/kubeflow/trainer/v2/pkg/apis/trainer/v1alpha1/zz_generated.deepcopy.go:539.72,540.15 1 0
github.com/kubeflow/trainer/v2/pkg/apis/trainer/v1alpha1/zz_generated.deepcopy.go:540.15,542.3 1 0
github.com/kubeflow/trainer/v2/pkg/apis/trainer/v1alpha1/zz_generated.deepcopy.go:543.2,545.12 3 0
github.com/kubeflow/trainer/v2/pkg/apis/trainer/v1alpha1/zz_generated.deepcopy.go:549.53,551.24 2 0
github.com/kubeflow/trainer/v2/pkg/apis/trainer/v1alpha1/zz_generated.deepcopy.go:551.24,555.3 3 0
github.com/kubeflow/trainer/v2/pkg/apis/trainer/v1alpha1/zz_generated.deepcopy.go:556.2,556.20 1 0
github.com/kubeflow/trainer/v2/pkg/apis/trainer/v1alpha1/zz_generated.deepcopy.go:556.20,560.3 3 0
github.com/kubeflow/trainer/v2/pkg/apis/trainer/v1alpha1/zz_generated.deepcopy.go:561.2,561.8 1 0
github.com/kubeflow/trainer/v2/pkg/apis/trainer/v1alpha1/zz_generated.deepcopy.go:565.46,566.15 1 0
github.com/kubeflow/trainer/v2/pkg/apis/trainer/v1alpha1/zz_generated.deepcopy.go:566.15,568.3 1 0
github.com/kubeflow/trainer/v2/pkg/apis/trainer/v1alpha1/zz_generated.deepcopy.go:569.2,571.12 3 0
github.com/kubeflow/trainer/v2/pkg/apis/trainer/v1alpha1/zz_generated.deepcopy.go:575.69,577.27 2 0
github.com/kubeflow/trainer/v2/pkg/apis/trainer/v1alpha1/zz_generated.deepcopy.go:577.27,581.3 3 0
github.com/kubeflow/trainer/v2/pkg/apis/trainer/v1alpha1/zz_generated.deepcopy.go:582.2,582.24 1 0
github.com/kubeflow/trainer/v2/pkg/apis/trainer/v1alpha1/zz_generated.deepcopy.go:582.24,586.3 3 0
github.com/kubeflow/trainer/v2/pkg/apis/trainer/v1alpha1/zz_generated.deepcopy.go:587.2,587.24 1 0
github.com/kubeflow/trainer/v2/pkg/apis/trainer/v1alpha1/zz_generated.deepcopy.go:587.24,591.3 3 0
github.com/kubeflow/trainer/v2/pkg/apis/trainer/v1alpha1/zz_generated.deepcopy.go:592.2,592.23 1 0
github.com/kubeflow/trainer/v2/pkg/apis/trainer/v1alpha1/zz_generated.deepcopy.go:592.23,595.22 3 0
github.com/kubeflow/trainer/v2/pkg/apis/trainer/v1alpha1/zz_generated.deepcopy.go:595.22,597.4 1 0
github.com/kubeflow/trainer/v2/pkg/apis/trainer/v1alpha1/zz_generated.deepcopy.go:599.2,599.8 1 0
github.com/kubeflow/trainer/v2/pkg/apis/trainer/v1alpha1/zz_generated.deepcopy.go:603.62,604.15 1 0
github.com/kubeflow/trainer/v2/pkg/apis/trainer/v1alpha1/zz_generated.deepcopy.go:604.15,606.3 1 0
github.com/kubeflow/trainer/v2/pkg/apis/trainer/v1alpha1/zz_generated.deepcopy.go:607.2,609.12 3 0
github.com/kubeflow/trainer/v2/pkg/apis/trainer/v1alpha1/zz_generated.deepcopy.go:613.71,615.30 2 0
github.com/kubeflow/trainer/v2/pkg/apis/trainer/v1alpha1/zz_generated.deepcopy.go:615.30,619.3 3 0
github.com/kubeflow/trainer/v2/pkg/apis/trainer/v1alpha1/zz_generated.deepcopy.go:620.2,620.29 1 0
github.com/kubeflow/trainer/v2/pkg/apis/trainer/v1alpha1/zz_generated.deepcopy.go:620.29,624.3 3 0
github.com/kubeflow/trainer/v2/pkg/apis/trainer/v1alpha1/zz_generated.deepcopy.go:625.2,625.8 1 0
github.com/kubeflow/trainer/v2/pkg/apis/trainer/v1alpha1/zz_generated.deepcopy.go:629.64,630.15 1 0
github.com/kubeflow/trainer/v2/pkg/apis/trainer/v1alpha1/zz_generated.deepcopy.go:630.15,632.3 1 0
github.com/kubeflow/trainer/v2/pkg/apis/trainer/v1alpha1/zz_generated.deepcopy.go:633.2,635.12 3 0
github.com/kubeflow/trainer/v2/pkg/apis/trainer/v1alpha1/zz_generated.deepcopy.go:639.49,646.2 6 0
github.com/kubeflow/trainer/v2/pkg/apis/trainer/v1alpha1/zz_generated.deepcopy.go:649.42,650.15 1 0
github.com/kubeflow/trainer/v2/pkg/apis/trainer/v1alpha1/zz_generated.deepcopy.go:650.15,652.3 1 0
github.com/kubeflow/trainer/v2/pkg/apis/trainer/v1alpha1/zz_generated.deepcopy.go:653.2,655.12 3 0
github.com/kubeflow/trainer/v2/pkg/apis/trainer/v1alpha1/zz_generated.deepcopy.go:659.53,660.34 1 0
github.com/kubeflow/trainer/v2/pkg/apis/trainer/v1alpha1/zz_generated.deepcopy.go:660.34,662.3 1 0
github.com/kubeflow/trainer/v2/pkg/apis/trainer/v1alpha1/zz_generated.deepcopy.go:663.2,663.12 1 0
github.com/kubeflow/trainer/v2/pkg/apis/trainer/v1alpha1/zz_generated.deepcopy.go:667.57,671.21 4 0
github.com/kubeflow/trainer/v2/pkg/apis/trainer/v1alpha1/zz_generated.deepcopy.go:671.21,674.22 3 0
github.com/kubeflow/trainer/v2/pkg/apis/trainer/v1alpha1/zz_generated.deepcopy.go:674.22,676.4 1 0
github.com/kubeflow/trainer/v2/pkg/apis/trainer/v1alpha1/zz_generated.deepcopy.go:678.2,678.8 1 0
github.com/kubeflow/trainer/v2/pkg/apis/trainer/v1alpha1/zz_generated.deepcopy.go:682.50,683.15 1 0
github.com/kubeflow/trainer/v2/pkg/apis/trainer/v1alpha1/zz_generated.deepcopy.go:683.15,685.3 1 0
github.com/kubeflow/trainer/v2/pkg/apis/trainer/v1alpha1/zz_generated.deepcopy.go:686.2,688.12 3 0
github.com/kubeflow/trainer/v2/pkg/apis/trainer/v1alpha1/zz_generated.deepcopy.go:692.57,693.34 1 0
github.com/kubeflow/trainer/v2/pkg/apis/trainer/v1alpha1/zz_generated.deepcopy.go:693.34,695.3 1 0
github.com/kubeflow/trainer/v2/pkg/apis/trainer/v1alpha1/zz_generated.deepcopy.go:696.2,696.12 1 0
github.com/kubeflow/trainer/v2/pkg/apis/trainer/v1alpha1/zz_generated.deepcopy.go:700.57,703.27 3 0
github.com/kubeflow/trainer/v2/pkg/apis/trainer/v1alpha1/zz_generated.deepcopy.go:703.27,707.3 3 0
github.com/kubeflow/trainer/v2/pkg/apis/trainer/v1alpha1/zz_generated.deepcopy.go:708.2,708.23 1 0
github.com/kubeflow/trainer/v2/pkg/apis/trainer/v1alpha1/zz_generated.deepcopy.go:708.23,712.3 3 0
github.com/kubeflow/trainer/v2/pkg/apis/trainer/v1alpha1/zz_generated.deepcopy.go:713.2,713.22 1 0
github.com/kubeflow/trainer/v2/pkg/apis/trainer/v1alpha1/zz_generated.deepcopy.go:713.22,716.29 3 0
github.com/kubeflow/trainer/v2/pkg/apis/trainer/v1alpha1/zz_generated.deepcopy.go:716.29,718.4 1 0
github.com/kubeflow/trainer/v2/pkg/apis/trainer/v1alpha1/zz_generated.deepcopy.go:720.2,720.27 1 0
github.com/kubeflow/trainer/v2/pkg/apis/trainer/v1alpha1/zz_generated.deepcopy.go:720.27,723.29 3 0
github.com/kubeflow/trainer/v2/pkg/apis/trainer/v1alpha1/zz_generated.deepcopy.go:723.29,725.4 1 0
github.com/kubeflow/trainer/v2/pkg/apis/trainer/v1alpha1/zz_generated.deepcopy.go:727.2,727.36 1 0
github.com/kubeflow/trainer/v2/pkg/apis/trainer/v1alpha1/zz_generated.deepcopy.go:727.36,730.22 3 0
github.com/kubeflow/trainer/v2/pkg/apis/trainer/v1alpha1/zz_generated.deepcopy.go:730.22,732.4 1 0
github.com/kubeflow/trainer/v2/pkg/apis/trainer/v1alpha1/zz_generated.deepcopy.go:734.2,734.23 1 0
github.com/kubeflow/trainer/v2/pkg/apis/trainer/v1alpha1/zz_generated.deepcopy.go:734.23,738.3 3 0
github.com/kubeflow/trainer/v2/pkg/apis/trainer/v1alpha1/zz_generated.deepcopy.go:739.2,739.25 1 0
github.com/kubeflow/trainer/v2/pkg/apis/trainer/v1alpha1/zz_generated.deepcopy.go:739.25,743.3 3 0
github.com/kubeflow/trainer/v2/pkg/apis/trainer/v1alpha1/zz_generated.deepcopy.go:744.2,744.8 1 0
github.com/kubeflow/trainer/v2/pkg/apis/trainer/v1alpha1/zz_generated.deepcopy.go:748.50,749.15 1 0
github.com/kubeflow/trainer/v2/pkg/apis/trainer/v1alpha1/zz_generated.deepcopy.go:749.15,751.3 1 0
github.com/kubeflow/trainer/v2/pkg/apis/trainer/v1alpha1/zz_generated.deepcopy.go:752.2,754.12 3 0
github.com/kubeflow/trainer/v2/pkg/apis/trainer/v1alpha1/zz_generated.deepcopy.go:758.61,760.26 2 0
github.com/kubeflow/trainer/v2/pkg/apis/trainer/v1alpha1/zz_generated.deepcopy.go:760.26,763.22 3 0
github.com/kubeflow/trainer/v2/pkg/apis/trainer/v1alpha1/zz_generated.deepcopy.go:763.22,765.4 1 0
github.com/kubeflow/trainer/v2/pkg/apis/trainer/v1alpha1/zz_generated.deepcopy.go:767.2,767.26 1 0
github.com/kubeflow/trainer/v2/pkg/apis/trainer/v1alpha1/zz_generated.deepcopy.go:767.26,770.22 3 0
github.com/kubeflow/trainer/v2/pkg/apis/trainer/v1alpha1/zz_generated.deepcopy.go:770.22,772.4 1 0
github.com/kubeflow/trainer/v2/pkg/apis/trainer/v1alpha1/zz_generated.deepcopy.go:774.2,774.8 1 0
github.com/kubeflow/trainer/v2/pkg/apis/trainer/v1alpha1/zz_generated.deepcopy.go:778.54,779.15 1 0
github.com/kubeflow/trainer/v2/pkg/apis/trainer/v1alpha1/zz_generated.deepcopy.go:779.15,781.3 1 0
github.com/kubeflow/trainer/v2/pkg/apis/trainer/v1alpha1/zz_generated.deepcopy.go:782.2,784.12 3 0
github.com/kubeflow/trainer/v2/pkg/apis/trainer/v1alpha1/zz_generated.deepcopy.go:788.47,790.21 2 0
github.com/kubeflow/trainer/v2/pkg/apis/trainer/v1alpha1/zz_generated.deepcopy.go:790.21,794.3 3 0
github.com/kubeflow/trainer/v2/pkg/apis/trainer/v1alpha1/zz_generated.deepcopy.go:795.2,795.23 1 0
github.com/kubeflow/trainer/v2/pkg/apis/trainer/v1alpha1/zz_generated.deepcopy.go:795.23,799.3 3 0
github.com/kubeflow/trainer/v2/pkg/apis/trainer/v1alpha1/zz_generated.deepcopy.go:800.2,800.20 1 0
github.com/kubeflow/trainer/v2/pkg/apis/trainer/v1alpha1/zz_generated.deepcopy.go:800.20,804.3 3 0
github.com/kubeflow/trainer/v2/pkg/apis/trainer/v1alpha1/zz_generated.deepcopy.go:805.2,805.19 1 0
github.com/kubeflow/trainer/v2/pkg/apis/trainer/v1alpha1/zz_generated.deepcopy.go:805.19,808.22 3 0
github.com/kubeflow/trainer/v2/pkg/apis/trainer/v1alpha1/zz_generated.deepcopy.go:808.22,810.4 1 0
github.com/kubeflow/trainer/v2/pkg/apis/trainer/v1alpha1/zz_generated.deepcopy.go:812.2,812.24 1 0
github.com/kubeflow/trainer/v2/pkg/apis/trainer/v1alpha1/zz_generated.deepcopy.go:812.24,816.3 3 0
github.com/kubeflow/trainer/v2/pkg/apis/trainer/v1alpha1/zz_generated.deepcopy.go:817.2,817.32 1 0
github.com/kubeflow/trainer/v2/pkg/apis/trainer/v1alpha1/zz_generated.deepcopy.go:817.32,821.3 3 0
github.com/kubeflow/trainer/v2/pkg/apis/trainer/v1alpha1/zz_generated.deepcopy.go:822.2,822.30 1 0
github.com/kubeflow/trainer/v2/pkg/apis/trainer/v1alpha1/zz_generated.deepcopy.go:822.30,826.3 3 0
github.com/kubeflow/trainer/v2/pkg/apis/trainer/v1alpha1/zz_generated.deepcopy.go:827.2,827.8 1 0
github.com/kubeflow/trainer/v2/pkg/apis/trainer/v1alpha1/zz_generated.deepcopy.go:831.40,832.15 1 0
github.com/kubeflow/trainer/v2/pkg/apis/trainer/v1alpha1/zz_generated.deepcopy.go:832.15,834.3 1 0
github.com/kubeflow/trainer/v2/pkg/apis/trainer/v1alpha1/zz_generated.deepcopy.go:835.2,837.12 3 0
github.com/kubeflow/trainer/v2/pkg/apis/trainer/v1alpha1/zz_generated.deepcopy.go:841.63,847.2 5 0
github.com/kubeflow/trainer/v2/pkg/apis/trainer/v1alpha1/zz_generated.deepcopy.go:850.56,851.15 1 0
github.com/kubeflow/trainer/v2/pkg/apis/trainer/v1alpha1/zz_generated.deepcopy.go:851.15,853.3 1 0
github.com/kubeflow/trainer/v2/pkg/apis/trainer/v1alpha1/zz_generated.deepcopy.go:854.2,856.12 3 0
github.com/kubeflow/trainer/v2/pkg/apis/trainer/v1alpha1/zz_generated.deepcopy.go:860.60,861.34 1 0
github.com/kubeflow/trainer/v2/pkg/apis/trainer/v1alpha1/zz_generated.deepcopy.go:861.34,863.3 1 0
github.com/kubeflow/trainer/v2/pkg/apis/trainer/v1alpha1/zz_generated.deepcopy.go:864.2,864.12 1 0
github.com/kubeflow/trainer/v2/pkg/apis/trainer/v1alpha1/zz_generated.deepcopy.go:868.71,872.21 4 0
github.com/kubeflow/trainer/v2/pkg/apis/trainer/v1alpha1/zz_generated.deepcopy.go:872.21,875.22 3 0
github.com/kubeflow/trainer/v2/pkg/apis/trainer/v1alpha1/zz_generated.deepcopy.go:875.22,877.4 1 0
github.com/kubeflow/trainer/v2/pkg/apis/trainer/v1alpha1/zz_generated.deepcopy.go:879.2,879.8 1 0
github.com/kubeflow/trainer/v2/pkg/apis/trainer/v1alpha1/zz_generated.deepcopy.go:883.64,884.15 1 0
github.com/kubeflow/trainer/v2/pkg/apis/trainer/v1alpha1/zz_generated.deepcopy.go:884.15,886.3 1 0
github.com/kubeflow/trainer/v2/pkg/apis/trainer/v1alpha1/zz_generated.deepcopy.go:887.2,889.12 3 0
github.com/kubeflow/trainer/v2/pkg/apis/trainer/v1alpha1/zz_generated.deepcopy.go:893.64,894.34 1 0
github.com/kubeflow/trainer/v2/pkg/apis/trainer/v1alpha1/zz_generated.deepcopy.go:894.34,896.3 1 0
github.com/kubeflow/trainer/v2/pkg/apis/trainer/v1alpha1/zz_generated.deepcopy.go:897.2,897.12 1 0
github.com/kubeflow/trainer/v2/pkg/apis/trainer/v1alpha1/zz_generated.deepcopy.go:901.71,903.24 2 0
github.com/kubeflow/trainer/v2/pkg/apis/trainer/v1alpha1/zz_generated.deepcopy.go:903.24,907.3 3 0
github.com/kubeflow/trainer/v2/pkg/apis/trainer/v1alpha1/zz_generated.deepcopy.go:908.2,908.30 1 0
github.com/kubeflow/trainer/v2/pkg/apis/trainer/v1alpha1/zz_generated.deepcopy.go:908.30,912.3 3 0
github.com/kubeflow/trainer/v2/pkg/apis/trainer/v1alpha1/zz_generated.deepcopy.go:913.2,914.8 2 0
github.com/kubeflow/trainer/v2/pkg/apis/trainer/v1alpha1/zz_generated.deepcopy.go:918.64,919.15 1 0
github.com/kubeflow/trainer/v2/pkg/apis/trainer/v1alpha1/zz_generated.deepcopy.go:919.15,921.3 1 0
github.com/kubeflow/trainer/v2/pkg/apis/trainer/v1alpha1/zz_generated.deepcopy.go:922.2,924.12 3 0
github.com/kubeflow/trainer/v2/pkg/apis/trainer/v1alpha1/zz_generated.deepcopy.go:928.87,930.31 2 0
github.com/kubeflow/trainer/v2/pkg/apis/trainer/v1alpha1/zz_generated.deepcopy.go:930.31,934.3 3 0
github.com/kubeflow/trainer/v2/pkg/apis/trainer/v1alpha1/zz_generated.deepcopy.go:935.2,935.8 1 0
github.com/kubeflow/trainer/v2/pkg/apis/trainer/v1alpha1/zz_generated.deepcopy.go:939.80,940.15 1 0
github.com/kubeflow/trainer/v2/pkg/apis/trainer/v1alpha1/zz_generated.deepcopy.go:940.15,942.3 1 0
github.com/kubeflow/trainer/v2/pkg/apis/trainer/v1alpha1/zz_generated.deepcopy.go:943.2,945.12 3 0
github.com/kubeflow/trainer/v2/pkg/apis/trainer/v1alpha1/zz_generated.defaults.go:30.53,31.80 1 0
github.com/kubeflow/trainer/v2/pkg/apis/trainer/v1alpha1/zz_generated.defaults.go:31.80,31.155 1 0
github.com/kubeflow/trainer/v2/pkg/apis/trainer/v1alpha1/zz_generated.defaults.go:32.2,32.84 1 0
github.com/kubeflow/trainer/v2/pkg/apis/trainer/v1alpha1/zz_generated.defaults.go:32.84,32.167 1 0
github.com/kubeflow/trainer/v2/pkg/apis/trainer/v1alpha1/zz_generated.defaults.go:33.2,33.66 1 0
github.com/kubeflow/trainer/v2/pkg/apis/trainer/v1alpha1/zz_generated.defaults.go:33.66,33.113 1 0
github.com/kubeflow/trainer/v2/pkg/apis/trainer/v1alpha1/zz_generated.defaults.go:34.2,34.70 1 0
github.com/kubeflow/trainer/v2/pkg/apis/trainer/v1alpha1/zz_generated.defaults.go:34.70,34.125 1 0
github.com/kubeflow/trainer/v2/pkg/apis/trainer/v1alpha1/zz_generated.defaults.go:35.2,35.73 1 0
github.com/kubeflow/trainer/v2/pkg/apis/trainer/v1alpha1/zz_generated.defaults.go:35.73,35.134 1 0
github.com/kubeflow/trainer/v2/pkg/apis/trainer/v1alpha1/zz_generated.defaults.go:36.2,36.77 1 0
github.com/kubeflow/trainer/v2/pkg/apis/trainer/v1alpha1/zz_generated.defaults.go:36.77,36.146 1 0
github.com/kubeflow/trainer/v2/pkg/apis/trainer/v1alpha1/zz_generated.defaults.go:37.2,37.12 1 0
github.com/kubeflow/trainer/v2/pkg/apis/trainer/v1alpha1/zz_generated.defaults.go:40.75,41.54 1 0
github.com/kubeflow/trainer/v2/pkg/apis/trainer/v1alpha1/zz_generated.defaults.go:41.54,43.56 2 0
github.com/kubeflow/trainer/v2/pkg/apis/trainer/v1alpha1/zz_generated.defaults.go:43.56,45.35 2 0
github.com/kubeflow/trainer/v2/pkg/apis/trainer/v1alpha1/zz_generated.defaults.go:45.35,46.50 1 0
github.com/kubeflow/trainer/v2/pkg/apis/trainer/v1alpha1/zz_generated.defaults.go:46.50,48.6 1 0
github.com/kubeflow/trainer/v2/pkg/apis/trainer/v1alpha1/zz_generated.defaults.go:50.4,50.33 1 0
github.com/kubeflow/trainer/v2/pkg/apis/trainer/v1alpha1/zz_generated.defaults.go:50.33,51.41 1 0
github.com/kubeflow/trainer/v2/pkg/apis/trainer/v1alpha1/zz_generated.defaults.go:51.41,53.6 1 0
github.com/kubeflow/trainer/v2/pkg/apis/trainer/v1alpha1/zz_generated.defaults.go:54.5,54.43 1 0
github.com/kubeflow/trainer/v2/pkg/apis/trainer/v1alpha1/zz_generated.defaults.go:54.43,56.6 1 0
github.com/kubeflow/trainer/v2/pkg/apis/trainer/v1alpha1/zz_generated.defaults.go:57.5,57.41 1 0
github.com/kubeflow/trainer/v2/pkg/apis/trainer/v1alpha1/zz_generated.defaults.go:57.41,59.6 1 0
github.com/kubeflow/trainer/v2/pkg/apis/trainer/v1alpha1/zz_generated.defaults.go:61.4,61.39 1 0
github.com/kubeflow/trainer/v2/pkg/apis/trainer/v1alpha1/zz_generated.defaults.go:61.39,62.52 1 0
github.com/kubeflow/trainer/v2/pkg/apis/trainer/v1alpha1/zz_generated.defaults.go:62.52,65.6 2 0
github.com/kubeflow/trainer/v2/pkg/apis/trainer/v1alpha1/zz_generated.defaults.go:66.5,66.47 1 0
github.com/kubeflow/trainer/v2/pkg/apis/trainer/v1alpha1/zz_generated.defaults.go:66.47,69.6 2 0
github.com/kubeflow/trainer/v2/pkg/apis/trainer/v1alpha1/zz_generated.defaults.go:70.5,70.49 1 0
github.com/kubeflow/trainer/v2/pkg/apis/trainer/v1alpha1/zz_generated.defaults.go:70.49,73.6 2 0
github.com/kubeflow/trainer/v2/pkg/apis/trainer/v1alpha1/zz_generated.defaults.go:74.5,74.45 1 0
github.com/kubeflow/trainer/v2/pkg/apis/trainer/v1alpha1/zz_generated.defaults.go:74.45,77.6 2 0
github.com/kubeflow/trainer/v2/pkg/apis/trainer/v1alpha1/zz_generated.defaults.go:79.4,79.37 1 0
github.com/kubeflow/trainer/v2/pkg/apis/trainer/v1alpha1/zz_generated.defaults.go:79.37,80.49 1 0
github.com/kubeflow/trainer/v2/pkg/apis/trainer/v1alpha1/zz_generated.defaults.go:80.49,82.6 1 0
github.com/kubeflow/trainer/v2/pkg/apis/trainer/v1alpha1/zz_generated.defaults.go:83.5,83.44 1 0
github.com/kubeflow/trainer/v2/pkg/apis/trainer/v1alpha1/zz_generated.defaults.go:83.44,85.6 1 0
github.com/kubeflow/trainer/v2/pkg/apis/trainer/v1alpha1/zz_generated.defaults.go:88.3,88.63 1 0
github.com/kubeflow/trainer/v2/pkg/apis/trainer/v1alpha1/zz_generated.defaults.go:88.63,90.27 2 0
github.com/kubeflow/trainer/v2/pkg/apis/trainer/v1alpha1/zz_generated.defaults.go:90.27,92.25 2 0
github.com/kubeflow/trainer/v2/pkg/apis/trainer/v1alpha1/zz_generated.defaults.go:92.25,94.6 1 0
github.com/kubeflow/trainer/v2/pkg/apis/trainer/v1alpha1/zz_generated.defaults.go:96.4,96.25 1 0
github.com/kubeflow/trainer/v2/pkg/apis/trainer/v1alpha1/zz_generated.defaults.go:96.25,98.27 2 0
github.com/kubeflow/trainer/v2/pkg/apis/trainer/v1alpha1/zz_generated.defaults.go:98.27,99.39 1 0
github.com/kubeflow/trainer/v2/pkg/apis/trainer/v1alpha1/zz_generated.defaults.go:99.39,100.49 1 0
github.com/kubeflow/trainer/v2/pkg/apis/trainer/v1alpha1/zz_generated.defaults.go:100.49,103.8 2 0
github.com/kubeflow/trainer/v2/pkg/apis/trainer/v1alpha1/zz_generated.defaults.go:107.4,107.30 1 0
github.com/kubeflow/trainer/v2/pkg/apis/trainer/v1alpha1/zz_generated.defaults.go:107.30,108.49 1 0
github.com/kubeflow/trainer/v2/pkg/apis/trainer/v1alpha1/zz_generated.defaults.go:108.49,109.58 1 0
github.com/kubeflow/trainer/v2/pkg/apis/trainer/v1alpha1/zz_generated.defaults.go:109.58,112.7 2 0
github.com/kubeflow/trainer/v2/pkg/apis/trainer/v1alpha1/zz_generated.defaults.go:115.4,115.31 1 0
github.com/kubeflow/trainer/v2/pkg/apis/trainer/v1alpha1/zz_generated.defaults.go:115.31,116.50 1 0
github.com/kubeflow/trainer/v2/pkg/apis/trainer/v1alpha1/zz_generated.defaults.go:116.50,117.59 1 0
github.com/kubeflow/trainer/v2/pkg/apis/trainer/v1alpha1/zz_generated.defaults.go:117.59,120.7 2 0
github.com/kubeflow/trainer/v2/pkg/apis/trainer/v1alpha1/zz_generated.defaults.go:123.4,123.29 1 0
github.com/kubeflow/trainer/v2/pkg/apis/trainer/v1alpha1/zz_generated.defaults.go:123.29,124.48 1 0
github.com/kubeflow/trainer/v2/pkg/apis/trainer/v1alpha1/zz_generated.defaults.go:124.48,125.57 1 0
github.com/kubeflow/trainer/v2/pkg/apis/trainer/v1alpha1/zz_generated.defaults.go:125.57,128.7 2 0
github.com/kubeflow/trainer/v2/pkg/apis/trainer/v1alpha1/zz_generated.defaults.go:132.3,132.59 1 0
github.com/kubeflow/trainer/v2/pkg/apis/trainer/v1alpha1/zz_generated.defaults.go:132.59,134.27 2 0
github.com/kubeflow/trainer/v2/pkg/apis/trainer/v1alpha1/zz_generated.defaults.go:134.27,136.25 2 0
github.com/kubeflow/trainer/v2/pkg/apis/trainer/v1alpha1/zz_generated.defaults.go:136.25,138.6 1 0
github.com/kubeflow/trainer/v2/pkg/apis/trainer/v1alpha1/zz_generated.defaults.go:140.4,140.25 1 0
github.com/kubeflow/trainer/v2/pkg/apis/trainer/v1alpha1/zz_generated.defaults.go:140.25,142.27 2 0
github.com/kubeflow/trainer/v2/pkg/apis/trainer/v1alpha1/zz_generated.defaults.go:142.27,143.39 1 0
github.com/kubeflow/trainer/v2/pkg/apis/trainer/v1alpha1/zz_generated.defaults.go:143.39,144.49 1 0
github.com/kubeflow/trainer/v2/pkg/apis/trainer/v1alpha1/zz_generated.defaults.go:144.49,147.8 2 0
github.com/kubeflow/trainer/v2/pkg/apis/trainer/v1alpha1/zz_generated.defaults.go:151.4,151.30 1 0
github.com/kubeflow/trainer/v2/pkg/apis/trainer/v1alpha1/zz_generated.defaults.go:151.30,152.49 1 0
github.com/kubeflow/trainer/v2/pkg/apis/trainer/v1alpha1/zz_generated.defaults.go:152.49,153.58 1 0
github.com/kubeflow/trainer/v2/pkg/apis/trainer/v1alpha1/zz_generated.defaults.go:153.58,156.7 2 0
github.com/kubeflow/trainer/v2/pkg/apis/trainer/v1alpha1/zz_generated.defaults.go:159.4,159.31 1 0
github.com/kubeflow/trainer/v2/pkg/apis/trainer/v1alpha1/zz_generated.defaults.go:159.31,160.50 1 0
github.com/kubeflow/trainer/v2/pkg/apis/trainer/v1alpha1/zz_generated.defaults.go:160.50,161.59 1 0
github.com/kubeflow/trainer/v2/pkg/apis/trainer/v1alpha1/zz_generated.defaults.go:161.59,164.7 2 0
github.com/kubeflow/trainer/v2/pkg/apis/trainer/v1alpha1/zz_generated.defaults.go:167.4,167.29 1 0
github.com/kubeflow/trainer/v2/pkg/apis/trainer/v1alpha1/zz_generated.defaults.go:167.29,168.48 1 0
github.com/kubeflow/trainer/v2/pkg/apis/trainer/v1alpha1/zz_generated.defaults.go:168.48,169.57 1 0
github.com/kubeflow/trainer/v2/pkg/apis/trainer/v1alpha1/zz_generated.defaults.go:169.57,172.7 2 0
github.com/kubeflow/trainer/v2/pkg/apis/trainer/v1alpha1/zz_generated.defaults.go:176.3,176.68 1 0
github.com/kubeflow/trainer/v2/pkg/apis/trainer/v1alpha1/zz_generated.defaults.go:176.68,178.52 2 0
github.com/kubeflow/trainer/v2/pkg/apis/trainer/v1alpha1/zz_generated.defaults.go:178.52,180.25 2 0
github.com/kubeflow/trainer/v2/pkg/apis/trainer/v1alpha1/zz_generated.defaults.go:180.25,182.6 1 0
github.com/kubeflow/trainer/v2/pkg/apis/trainer/v1alpha1/zz_generated.defaults.go:184.4,184.50 1 0
github.com/kubeflow/trainer/v2/pkg/apis/trainer/v1alpha1/zz_generated.defaults.go:184.50,186.27 2 0
github.com/kubeflow/trainer/v2/pkg/apis/trainer/v1alpha1/zz_generated.defaults.go:186.27,187.39 1 0
github.com/kubeflow/trainer/v2/pkg/apis/trainer/v1alpha1/zz_generated.defaults.go:187.39,188.49 1 0
github.com/kubeflow/trainer/v2/pkg/apis/trainer/v1alpha1/zz_generated.defaults.go:188.49,191.8 2 0
github.com/kubeflow/trainer/v2/pkg/apis/trainer/v1alpha1/zz_generated.defaults.go:195.4,195.55 1 0
github.com/kubeflow/trainer/v2/pkg/apis/trainer/v1alpha1/zz_generated.defaults.go:195.55,196.74 1 0
github.com/kubeflow/trainer/v2/pkg/apis/trainer/v1alpha1/zz_generated.defaults.go:196.74,197.83 1 0
github.com/kubeflow/trainer/v2/pkg/apis/trainer/v1alpha1/zz_generated.defaults.go:197.83,200.7 2 0
github.com/kubeflow/trainer/v2/pkg/apis/trainer/v1alpha1/zz_generated.defaults.go:203.4,203.56 1 0
github.com/kubeflow/trainer/v2/pkg/apis/trainer/v1alpha1/zz_generated.defaults.go:203.56,204.75 1 0
github.com/kubeflow/trainer/v2/pkg/apis/trainer/v1alpha1/zz_generated.defaults.go:204.75,205.84 1 0
github.com/kubeflow/trainer/v2/pkg/apis/trainer/v1alpha1/zz_generated.defaults.go:205.84,208.7 2 0
github.com/kubeflow/trainer/v2/pkg/apis/trainer/v1alpha1/zz_generated.defaults.go:211.4,211.54 1 0
github.com/kubeflow/trainer/v2/pkg/apis/trainer/v1alpha1/zz_generated.defaults.go:211.54,212.73 1 0
github.com/kubeflow/trainer/v2/pkg/apis/trainer/v1alpha1/zz_generated.defaults.go:212.73,213.82 1 0
github.com/kubeflow/trainer/v2/pkg/apis/trainer/v1alpha1/zz_generated.defaults.go:213.82,216.7 2 0
github.com/kubeflow/trainer/v2/pkg/apis/trainer/v1alpha1/zz_generated.defaults.go:223.83,224.26 1 0
github.com/kubeflow/trainer/v2/pkg/apis/trainer/v1alpha1/zz_generated.defaults.go:224.26,227.3 2 0
github.com/kubeflow/trainer/v2/pkg/apis/trainer/v1alpha1/zz_generated.defaults.go:230.47,231.32 1 0
github.com/kubeflow/trainer/v2/pkg/apis/trainer/v1alpha1/zz_generated.defaults.go:231.32,232.41 1 0
github.com/kubeflow/trainer/v2/pkg/apis/trainer/v1alpha1/zz_generated.defaults.go:232.41,233.51 1 0
github.com/kubeflow/trainer/v2/pkg/apis/trainer/v1alpha1/zz_generated.defaults.go:233.51,235.27 2 0
github.com/kubeflow/trainer/v2/pkg/apis/trainer/v1alpha1/zz_generated.defaults.go:235.27,236.39 1 0
github.com/kubeflow/trainer/v2/pkg/apis/trainer/v1alpha1/zz_generated.defaults.go:236.39,237.49 1 0
github.com/kubeflow/trainer/v2/pkg/apis/trainer/v1alpha1/zz_generated.defaults.go:237.49,240.8 2 0
github.com/kubeflow/trainer/v2/pkg/apis/trainer/v1alpha1/zz_generated.defaults.go:245.3,245.39 1 0
github.com/kubeflow/trainer/v2/pkg/apis/trainer/v1alpha1/zz_generated.defaults.go:245.39,246.49 1 0
github.com/kubeflow/trainer/v2/pkg/apis/trainer/v1alpha1/zz_generated.defaults.go:246.49,248.27 2 0
github.com/kubeflow/trainer/v2/pkg/apis/trainer/v1alpha1/zz_generated.defaults.go:248.27,249.39 1 0
github.com/kubeflow/trainer/v2/pkg/apis/trainer/v1alpha1/zz_generated.defaults.go:249.39,250.49 1 0
github.com/kubeflow/trainer/v2/pkg/apis/trainer/v1alpha1/zz_generated.defaults.go:250.49,253.8 2 0
github.com/kubeflow/trainer/v2/pkg/apis/trainer/v1alpha1/zz_generated.defaults.go:259.2,259.28 1 0
github.com/kubeflow/trainer/v2/pkg/apis/trainer/v1alpha1/zz_generated.defaults.go:259.28,260.38 1 0
github.com/kubeflow/trainer/v2/pkg/apis/trainer/v1alpha1/zz_generated.defaults.go:260.38,262.26 2 0
github.com/kubeflow/trainer/v2/pkg/apis/trainer/v1alpha1/zz_generated.defaults.go:262.26,263.38 1 0
github.com/kubeflow/trainer/v2/pkg/apis/trainer/v1alpha1/zz_generated.defaults.go:263.38,264.48 1 0
github.com/kubeflow/trainer/v2/pkg/apis/trainer/v1alpha1/zz_generated.defaults.go:264.48,267.7 2 0
github.com/kubeflow/trainer/v2/pkg/apis/trainer/v1alpha1/zz_generated.defaults.go:272.2,272.46 1 0
github.com/kubeflow/trainer/v2/pkg/apis/trainer/v1alpha1/zz_generated.defaults.go:272.46,274.20 2 0
github.com/kubeflow/trainer/v2/pkg/apis/trainer/v1alpha1/zz_generated.defaults.go:274.20,275.34 1 0
github.com/kubeflow/trainer/v2/pkg/apis/trainer/v1alpha1/zz_generated.defaults.go:275.34,277.36 2 0
github.com/kubeflow/trainer/v2/pkg/apis/trainer/v1alpha1/zz_generated.defaults.go:277.36,278.51 1 0
github.com/kubeflow/trainer/v2/pkg/apis/trainer/v1alpha1/zz_generated.defaults.go:278.51,280.7 1 0
github.com/kubeflow/trainer/v2/pkg/apis/trainer/v1alpha1/zz_generated.defaults.go:282.5,282.34 1 0
github.com/kubeflow/trainer/v2/pkg/apis/trainer/v1alpha1/zz_generated.defaults.go:282.34,283.42 1 0
github.com/kubeflow/trainer/v2/pkg/apis/trainer/v1alpha1/zz_generated.defaults.go:283.42,285.7 1 0
github.com/kubeflow/trainer/v2/pkg/apis/trainer/v1alpha1/zz_generated.defaults.go:286.6,286.44 1 0
github.com/kubeflow/trainer/v2/pkg/apis/trainer/v1alpha1/zz_generated.defaults.go:286.44,288.7 1 0
github.com/kubeflow/trainer/v2/pkg/apis/trainer/v1alpha1/zz_generated.defaults.go:289.6,289.42 1 0
github.com/kubeflow/trainer/v2/pkg/apis/trainer/v1alpha1/zz_generated.defaults.go:289.42,291.7 1 0
github.com/kubeflow/trainer/v2/pkg/apis/trainer/v1alpha1/zz_generated.defaults.go:293.5,293.40 1 0
github.com/kubeflow/trainer/v2/pkg/apis/trainer/v1alpha1/zz_generated.defaults.go:293.40,294.53 1 0
github.com/kubeflow/trainer/v2/pkg/apis/trainer/v1alpha1/zz_generated.defaults.go:294.53,297.7 2 0
github.com/kubeflow/trainer/v2/pkg/apis/trainer/v1alpha1/zz_generated.defaults.go:298.6,298.48 1 0
github.com/kubeflow/trainer/v2/pkg/apis/trainer/v1alpha1/zz_generated.defaults.go:298.48,301.7 2 0
github.com/kubeflow/trainer/v2/pkg/apis/trainer/v1alpha1/zz_generated.defaults.go:302.6,302.50 1 0
github.com/kubeflow/trainer/v2/pkg/apis/trainer/v1alpha1/zz_generated.defaults.go:302.50,305.7 2 0
github.com/kubeflow/trainer/v2/pkg/apis/trainer/v1alpha1/zz_generated.defaults.go:306.6,306.46 1 0
github.com/kubeflow/trainer/v2/pkg/apis/trainer/v1alpha1/zz_generated.defaults.go:306.46,309.7 2 0
github.com/kubeflow/trainer/v2/pkg/apis/trainer/v1alpha1/zz_generated.defaults.go:311.5,311.38 1 0
github.com/kubeflow/trainer/v2/pkg/apis/trainer/v1alpha1/zz_generated.defaults.go:311.38,312.50 1 0
github.com/kubeflow/trainer/v2/pkg/apis/trainer/v1alpha1/zz_generated.defaults.go:312.50,314.7 1 0
github.com/kubeflow/trainer/v2/pkg/apis/trainer/v1alpha1/zz_generated.defaults.go:315.6,315.45 1 0
github.com/kubeflow/trainer/v2/pkg/apis/trainer/v1alpha1/zz_generated.defaults.go:315.45,317.7 1 0
github.com/kubeflow/trainer/v2/pkg/apis/trainer/v1alpha1/zz_generated.defaults.go:320.4,320.41 1 0
github.com/kubeflow/trainer/v2/pkg/apis/trainer/v1alpha1/zz_generated.defaults.go:320.41,322.26 2 0
github.com/kubeflow/trainer/v2/pkg/apis/trainer/v1alpha1/zz_generated.defaults.go:322.26,324.28 2 0
github.com/kubeflow/trainer/v2/pkg/apis/trainer/v1alpha1/zz_generated.defaults.go:324.28,325.40 1 0
github.com/kubeflow/trainer/v2/pkg/apis/trainer/v1alpha1/zz_generated.defaults.go:325.40,326.50 1 0
github.com/kubeflow/trainer/v2/pkg/apis/trainer/v1alpha1/zz_generated.defaults.go:326.50,329.9 2 0
github.com/kubeflow/trainer/v2/pkg/apis/trainer/v1alpha1/zz_generated.defaults.go:334.4,334.37 1 0
github.com/kubeflow/trainer/v2/pkg/apis/trainer/v1alpha1/zz_generated.defaults.go:334.37,336.26 2 0
github.com/kubeflow/trainer/v2/pkg/apis/trainer/v1alpha1/zz_generated.defaults.go:336.26,338.28 2 0
github.com/kubeflow/trainer/v2/pkg/apis/trainer/v1alpha1/zz_generated.defaults.go:338.28,339.40 1 0
github.com/kubeflow/trainer/v2/pkg/apis/trainer/v1alpha1/zz_generated.defaults.go:339.40,340.50 1 0
github.com/kubeflow/trainer/v2/pkg/apis/trainer/v1alpha1/zz_generated.defaults.go:340.50,343.9 2 0
github.com/kubeflow/trainer/v2/pkg/apis/trainer/v1alpha1/zz_generated.defaults.go:352.55,353.26 1 0
github.com/kubeflow/trainer/v2/pkg/apis/trainer/v1alpha1/zz_generated.defaults.go:353.26,356.3 2 0
github.com/kubeflow/trainer/v2/pkg/apis/trainer/v1alpha1/zz_generated.defaults.go:359.61,360.54 1 0
github.com/kubeflow/trainer/v2/pkg/apis/trainer/v1alpha1/zz_generated.defaults.go:360.54,362.56 2 0
github.com/kubeflow/trainer/v2/pkg/apis/trainer/v1alpha1/zz_generated.defaults.go:362.56,364.35 2 0
github.com/kubeflow/trainer/v2/pkg/apis/trainer/v1alpha1/zz_generated.defaults.go:364.35,365.50 1 0
github.com/kubeflow/trainer/v2/pkg/apis/trainer/v1alpha1/zz_generated.defaults.go:365.50,367.6 1 0
github.com/kubeflow/trainer/v2/pkg/apis/trainer/v1alpha1/zz_generated.defaults.go:369.4,369.33 1 0
github.com/kubeflow/trainer/v2/pkg/apis/trainer/v1alpha1/zz_generated.defaults.go:369.33,370.41 1 0
github.com/kubeflow/trainer/v2/pkg/apis/trainer/v1alpha1/zz_generated.defaults.go:370.41,372.6 1 0
github.com/kubeflow/trainer/v2/pkg/apis/trainer/v1alpha1/zz_generated.defaults.go:373.5,373.43 1 0
github.com/kubeflow/trainer/v2/pkg/apis/trainer/v1alpha1/zz_generated.defaults.go:373.43,375.6 1 0
github.com/kubeflow/trainer/v2/pkg/apis/trainer/v1alpha1/zz_generated.defaults.go:376.5,376.41 1 0
github.com/kubeflow/trainer/v2/pkg/apis/trainer/v1alpha1/zz_generated.defaults.go:376.41,378.6 1 0
github.com/kubeflow/trainer/v2/pkg/apis/trainer/v1alpha1/zz_generated.defaults.go:380.4,380.39 1 0
github.com/kubeflow/trainer/v2/pkg/apis/trainer/v1alpha1/zz_generated.defaults.go:380.39,381.52 1 0
github.com/kubeflow/trainer/v2/pkg/apis/trainer/v1alpha1/zz_generated.defaults.go:381.52,384.6 2 0
github.com/kubeflow/trainer/v2/pkg/apis/trainer/v1alpha1/zz_generated.defaults.go:385.5,385.47 1 0
github.com/kubeflow/trainer/v2/pkg/apis/trainer/v1alpha1/zz_generated.defaults.go:385.47,388.6 2 0
github.com/kubeflow/trainer/v2/pkg/apis/trainer/v1alpha1/zz_generated.defaults.go:389.5,389.49 1 0
github.com/kubeflow/trainer/v2/pkg/apis/trainer/v1alpha1/zz_generated.defaults.go:389.49,392.6 2 0
github.com/kubeflow/trainer/v2/pkg/apis/trainer/v1alpha1/zz_generated.defaults.go:393.5,393.45 1 0
github.com/kubeflow/trainer/v2/pkg/apis/trainer/v1alpha1/zz_generated.defaults.go:393.45,396.6 2 0
github.com/kubeflow/trainer/v2/pkg/apis/trainer/v1alpha1/zz_generated.defaults.go:398.4,398.37 1 0
github.com/kubeflow/trainer/v2/pkg/apis/trainer/v1alpha1/zz_generated.defaults.go:398.37,399.49 1 0
github.com/kubeflow/trainer/v2/pkg/apis/trainer/v1alpha1/zz_generated.defaults.go:399.49,401.6 1 0
github.com/kubeflow/trainer/v2/pkg/apis/trainer/v1alpha1/zz_generated.defaults.go:402.5,402.44 1 0
github.com/kubeflow/trainer/v2/pkg/apis/trainer/v1alpha1/zz_generated.defaults.go:402.44,404.6 1 0
github.com/kubeflow/trainer/v2/pkg/apis/trainer/v1alpha1/zz_generated.defaults.go:407.3,407.63 1 0
github.com/kubeflow/trainer/v2/pkg/apis/trainer/v1alpha1/zz_generated.defaults.go:407.63,409.27 2 0
github.com/kubeflow/trainer/v2/pkg/apis/trainer/v1alpha1/zz_generated.defaults.go:409.27,411.25 2 0
github.com/kubeflow/trainer/v2/pkg/apis/trainer/v1alpha1/zz_generated.defaults.go:411.25,413.6 1 0
github.com/kubeflow/trainer/v2/pkg/apis/trainer/v1alpha1/zz_generated.defaults.go:415.4,415.25 1 0
github.com/kubeflow/trainer/v2/pkg/apis/trainer/v1alpha1/zz_generated.defaults.go:415.25,417.27 2 0
github.com/kubeflow/trainer/v2/pkg/apis/trainer/v1alpha1/zz_generated.defaults.go:417.27,418.39 1 0
github.com/kubeflow/trainer/v2/pkg/apis/trainer/v1alpha1/zz_generated.defaults.go:418.39,419.49 1 0
github.com/kubeflow/trainer/v2/pkg/apis/trainer/v1alpha1/zz_generated.defaults.go:419.49,422.8 2 0
github.com/kubeflow/trainer/v2/pkg/apis/trainer/v1alpha1/zz_generated.defaults.go:426.4,426.30 1 0
github.com/kubeflow/trainer/v2/pkg/apis/trainer/v1alpha1/zz_generated.defaults.go:426.30,427.49 1 0
github.com/kubeflow/trainer/v2/pkg/apis/trainer/v1alpha1/zz_generated.defaults.go:427.49,428.58 1 0
github.com/kubeflow/trainer/v2/pkg/apis/trainer/v1alpha1/zz_generated.defaults.go:428.58,431.7 2 0
github.com/kubeflow/trainer/v2/pkg/apis/trainer/v1alpha1/zz_generated.defaults.go:434.4,434.31 1 0
github.com/kubeflow/trainer/v2/pkg/apis/trainer/v1alpha1/zz_generated.defaults.go:434.31,435.50 1 0
github.com/kubeflow/trainer/v2/pkg/apis/trainer/v1alpha1/zz_generated.defaults.go:435.50,436.59 1 0
github.com/kubeflow/trainer/v2/pkg/apis/trainer/v1alpha1/zz_generated.defaults.go:436.59,439.7 2 0
github.com/kubeflow/trainer/v2/pkg/apis/trainer/v1alpha1/zz_generated.defaults.go:442.4,442.29 1 0
github.com/kubeflow/trainer/v2/pkg/apis/trainer/v1alpha1/zz_generated.defaults.go:442.29,443.48 1 0
github.com/kubeflow/trainer/v2/pkg/apis/trainer/v1alpha1/zz_generated.defaults.go:443.48,444.57 1 0
github.com/kubeflow/trainer/v2/pkg/apis/trainer/v1alpha1/zz_generated.defaults.go:444.57,447.7 2 0
github.com/kubeflow/trainer/v2/pkg/apis/trainer/v1alpha1/zz_generated.defaults.go:451.3,451.59 1 0
github.com/kubeflow/trainer/v2/pkg/apis/trainer/v1alpha1/zz_generated.defaults.go:451.59,453.27 2 0
github.com/kubeflow/trainer/v2/pkg/apis/trainer/v1alpha1/zz_generated.defaults.go:453.27,455.25 2 0
github.com/kubeflow/trainer/v2/pkg/apis/trainer/v1alpha1/zz_generated.defaults.go:455.25,457.6 1 0
github.com/kubeflow/trainer/v2/pkg/apis/trainer/v1alpha1/zz_generated.defaults.go:459.4,459.25 1 0
github.com/kubeflow/trainer/v2/pkg/apis/trainer/v1alpha1/zz_generated.defaults.go:459.25,461.27 2 0
github.com/kubeflow/trainer/v2/pkg/apis/trainer/v1alpha1/zz_generated.defaults.go:461.27,462.39 1 0
github.com/kubeflow/trainer/v2/pkg/apis/trainer/v1alpha1/zz_generated.defaults.go:462.39,463.49 1 0
github.com/kubeflow/trainer/v2/pkg/apis/trainer/v1alpha1/zz_generated.defaults.go:463.49,466.8 2 0
github.com/kubeflow/trainer/v2/pkg/apis/trainer/v1alpha1/zz_generated.defaults.go:470.4,470.30 1 0
github.com/kubeflow/trainer/v2/pkg/apis/trainer/v1alpha1/zz_generated.defaults.go:470.30,471.49 1 0
github.com/kubeflow/trainer/v2/pkg/apis/trainer/v1alpha1/zz_generated.defaults.go:471.49,472.58 1 0
github.com/kubeflow/trainer/v2/pkg/apis/trainer/v1alpha1/zz_generated.defaults.go:472.58,475.7 2 0
github.com/kubeflow/trainer/v2/pkg/apis/trainer/v1alpha1/zz_generated.defaults.go:478.4,478.31 1 0
github.com/kubeflow/trainer/v2/pkg/apis/trainer/v1alpha1/zz_generated.defaults.go:478.31,479.50 1 0
github.com/kubeflow/trainer/v2/pkg/apis/trainer/v1alpha1/zz_generated.defaults.go:479.50,480.59 1 0
github.com/kubeflow/trainer/v2/pkg/apis/trainer/v1alpha1/zz_generated.defaults.go:480.59,483.7 2 0
github.com/kubeflow/trainer/v2/pkg/apis/trainer/v1alpha1/zz_generated.defaults.go:486.4,486.29 1 0
github.com/kubeflow/trainer/v2/pkg/apis/trainer/v1alpha1/zz_generated.defaults.go:486.29,487.48 1 0
github.com/kubeflow/trainer/v2/pkg/apis/trainer/v1alpha1/zz_generated.defaults.go:487.48,488.57 1 0
github.com/kubeflow/trainer/v2/pkg/apis/trainer/v1alpha1/zz_generated.defaults.go:488.57,491.7 2 0
github.com/kubeflow/trainer/v2/pkg/apis/trainer/v1alpha1/zz_generated.defaults.go:495.3,495.68 1 0
github.com/kubeflow/trainer/v2/pkg/apis/trainer/v1alpha1/zz_generated.defaults.go:495.68,497.52 2 0
github.com/kubeflow/trainer/v2/pkg/apis/trainer/v1alpha1/zz_generated.defaults.go:497.52,499.25 2 0
github.com/kubeflow/trainer/v2/pkg/apis/trainer/v1alpha1/zz_generated.defaults.go:499.25,501.6 1 0
github.com/kubeflow/trainer/v2/pkg/apis/trainer/v1alpha1/zz_generated.defaults.go:503.4,503.50 1 0
github.com/kubeflow/trainer/v2/pkg/apis/trainer/v1alpha1/zz_generated.defaults.go:503.50,505.27 2 0
github.com/kubeflow/trainer/v2/pkg/apis/trainer/v1alpha1/zz_generated.defaults.go:505.27,506.39 1 0
github.com/kubeflow/trainer/v2/pkg/apis/trainer/v1alpha1/zz_generated.defaults.go:506.39,507.49 1 0
github.com/kubeflow/trainer/v2/pkg/apis/trainer/v1alpha1/zz_generated.defaults.go:507.49,510.8 2 0
github.com/kubeflow/trainer/v2/pkg/apis/trainer/v1alpha1/zz_generated.defaults.go:514.4,514.55 1 0
github.com/kubeflow/trainer/v2/pkg/apis/trainer/v1alpha1/zz_generated.defaults.go:514.55,515.74 1 0
github.com/kubeflow/trainer/v2/pkg/apis/trainer/v1alpha1/zz_generated.defaults.go:515.74,516.83 1 0
github.com/kubeflow/trainer/v2/pkg/apis/trainer/v1alpha1/zz_generated.defaults.go:516.83,519.7 2 0
github.com/kubeflow/trainer/v2/pkg/apis/trainer/v1alpha1/zz_generated.defaults.go:522.4,522.56 1 0
github.com/kubeflow/trainer/v2/pkg/apis/trainer/v1alpha1/zz_generated.defaults.go:522.56,523.75 1 0
github.com/kubeflow/trainer/v2/pkg/apis/trainer/v1alpha1/zz_generated.defaults.go:523.75,524.84 1 0
github.com/kubeflow/trainer/v2/pkg/apis/trainer/v1alpha1/zz_generated.defaults.go:524.84,527.7 2 0
github.com/kubeflow/trainer/v2/pkg/apis/trainer/v1alpha1/zz_generated.defaults.go:530.4,530.54 1 0
github.com/kubeflow/trainer/v2/pkg/apis/trainer/v1alpha1/zz_generated.defaults.go:530.54,531.73 1 0
github.com/kubeflow/trainer/v2/pkg/apis/trainer/v1alpha1/zz_generated.defaults.go:531.73,532.82 1 0
github.com/kubeflow/trainer/v2/pkg/apis/trainer/v1alpha1/zz_generated.defaults.go:532.82,535.7 2 0
github.com/kubeflow/trainer/v2/pkg/apis/trainer/v1alpha1/zz_generated.defaults.go:542.69,543.26 1 0
github.com/kubeflow/trainer/v2/pkg/apis/trainer/v1alpha1/zz_generated.defaults.go:543.26,546.3 2 0
github.com/kubeflow/trainer/v2/pkg/apis/trainer/v1alpha1/zz_generated.openapi.go:34.94,429.2 1 0
github.com/kubeflow/trainer/v2/pkg/apis/trainer/v1alpha1/zz_generated.openapi.go:431.117,472.2 1 0
github.com/kubeflow/trainer/v2/pkg/apis/trainer/v1alpha1/zz_generated.openapi.go:474.121,523.2 1 0
github.com/kubeflow/trainer/v2/pkg/apis/trainer/v1alpha1/zz_generated.openapi.go:525.112,596.2 1 0
github.com/kubeflow/trainer/v2/pkg/apis/trainer/v1alpha1/zz_generated.openapi.go:598.127,616.2 1 0
github.com/kubeflow/trainer/v2/pkg/apis/trainer/v1alpha1/zz_generated.openapi.go:618.113,666.2 1 0
github.com/kubeflow/trainer/v2/pkg/apis/trainer/v1alpha1/zz_generated.openapi.go:668.106,693.2 1 0
github.com/kubeflow/trainer/v2/pkg/apis/trainer/v1alpha1/zz_generated.openapi.go:695.113,722.2 1 0
github.com/kubeflow/trainer/v2/pkg/apis/trainer/v1alpha1/zz_generated.openapi.go:724.104,777.2 1 0
github.com/kubeflow/trainer/v2/pkg/apis/trainer/v1alpha1/zz_generated.openapi.go:779.103,811.2 1 0
github.com/kubeflow/trainer/v2/pkg/apis/trainer/v1alpha1/zz_generated.openapi.go:813.109,838.2 1 0
github.com/kubeflow/trainer/v2/pkg/apis/trainer/v1alpha1/zz_generated.openapi.go:840.112,879.2 1 0
github.com/kubeflow/trainer/v2/pkg/apis/trainer/v1alpha1/zz_generated.openapi.go:881.111,929.2 1 0
github.com/kubeflow/trainer/v2/pkg/apis/trainer/v1alpha1/zz_generated.openapi.go:931.109,956.2 1 0
github.com/kubeflow/trainer/v2/pkg/apis/trainer/v1alpha1/zz_generated.openapi.go:958.115,983.2 1 0
github.com/kubeflow/trainer/v2/pkg/apis/trainer/v1alpha1/zz_generated.openapi.go:985.114,1030.2 1 0
github.com/kubeflow/trainer/v2/pkg/apis/trainer/v1alpha1/zz_generated.openapi.go:1032.123,1050.2 1 0
github.com/kubeflow/trainer/v2/pkg/apis/trainer/v1alpha1/zz_generated.openapi.go:1052.118,1229.2 1 0
github.com/kubeflow/trainer/v2/pkg/apis/trainer/v1alpha1/zz_generated.openapi.go:1231.105,1264.2 1 0
github.com/kubeflow/trainer/v2/pkg/apis/trainer/v1alpha1/zz_generated.openapi.go:1266.113,1319.2 1 0
github.com/kubeflow/trainer/v2/pkg/apis/trainer/v1alpha1/zz_generated.openapi.go:1321.114,1346.2 1 0
github.com/kubeflow/trainer/v2/pkg/apis/trainer/v1alpha1/zz_generated.openapi.go:1348.103,1396.2 1 0
github.com/kubeflow/trainer/v2/pkg/apis/trainer/v1alpha1/zz_generated.openapi.go:1398.107,1447.2 1 0
github.com/kubeflow/trainer/v2/pkg/apis/trainer/v1alpha1/zz_generated.openapi.go:1449.107,1547.2 1 0
github.com/kubeflow/trainer/v2/pkg/apis/trainer/v1alpha1/zz_generated.openapi.go:1549.109,1606.2 1 0
github.com/kubeflow/trainer/v2/pkg/apis/trainer/v1alpha1/zz_generated.openapi.go:1608.102,1709.2 1 0
github.com/kubeflow/trainer/v2/pkg/apis/trainer/v1alpha1/zz_generated.openapi.go:1711.110,1752.2 1 0
github.com/kubeflow/trainer/v2/pkg/apis/trainer/v1alpha1/zz_generated.openapi.go:1754.114,1803.2 1 0
github.com/kubeflow/trainer/v2/pkg/apis/trainer/v1alpha1/zz_generated.openapi.go:1805.114,1837.2 1 0
github.com/kubeflow/trainer/v2/pkg/apis/trainer/v1alpha1/zz_generated.openapi.go:1839.122,1858.2 1 0
github.com/kubeflow/trainer/v2/pkg/apis/trainer/v1alpha1/zz_generated.openapi.go:1860.123,1897.2 1 0
github.com/kubeflow/trainer/v2/pkg/apis/trainer/v1alpha1/zz_generated.openapi.go:1899.123,1936.2 1 0
github.com/kubeflow/trainer/v2/pkg/apis/trainer/v1alpha1/zz_generated.openapi.go:1938.121,1973.2 1 0
github.com/kubeflow/trainer/v2/pkg/apis/trainer/v1alpha1/zz_generated.openapi.go:1975.114,2003.2 1 0
github.com/kubeflow/trainer/v2/pkg/apis/trainer/v1alpha1/zz_generated.openapi.go:2005.114,2033.2 1 0
github.com/kubeflow/trainer/v2/pkg/apis/trainer/v1alpha1/zz_generated.openapi.go:2035.110,2071.2 1 0
github.com/kubeflow/trainer/v2/pkg/apis/trainer/v1alpha1/zz_generated.openapi.go:2073.109,2125.2 1 0
github.com/kubeflow/trainer/v2/pkg/apis/trainer/v1alpha1/zz_generated.openapi.go:2127.117,2175.2 1 0
github.com/kubeflow/trainer/v2/pkg/apis/trainer/v1alpha1/zz_generated.openapi.go:2177.125,2202.2 1 0
github.com/kubeflow/trainer/v2/pkg/apis/trainer/v1alpha1/zz_generated.openapi.go:2204.126,2254.2 1 0
github.com/kubeflow/trainer/v2/pkg/apis/trainer/v1alpha1/zz_generated.openapi.go:2256.121,2305.2 1 0
github.com/kubeflow/trainer/v2/pkg/apis/trainer/v1alpha1/zz_generated.openapi.go:2307.121,2368.2 1 0
github.com/kubeflow/trainer/v2/pkg/apis/trainer/v1alpha1/zz_generated.openapi.go:2370.123,2455.2 1 0
github.com/kubeflow/trainer/v2/pkg/apis/trainer/v1alpha1/zz_generated.openapi.go:2457.110,2485.2 1 0
github.com/kubeflow/trainer/v2/pkg/apis/trainer/v1alpha1/zz_generated.openapi.go:2487.104,2539.2 1 0
github.com/kubeflow/trainer/v2/pkg/apis/trainer/v1alpha1/zz_generated.openapi.go:2541.106,2593.2 1 0
github.com/kubeflow/trainer/v2/pkg/apis/trainer/v1alpha1/zz_generated.openapi.go:2595.106,2636.2 1 0
github.com/kubeflow/trainer/v2/pkg/apis/trainer/v1alpha1/zz_generated.openapi.go:2638.111,2670.2 1 0
github.com/kubeflow/trainer/v2/pkg/apis/trainer/v1alpha1/zz_generated.openapi.go:2672.112,2707.2 1 0
github.com/kubeflow/trainer/v2/pkg/apis/trainer/v1alpha1/zz_generated.openapi.go:2709.112,2744.2 1 0
github.com/kubeflow/trainer/v2/pkg/apis/trainer/v1alpha1/zz_generated.openapi.go:2746.110,2774.2 1 0
github.com/kubeflow/trainer/v2/pkg/apis/trainer/v1alpha1/zz_generated.openapi.go:2776.110,2804.2 1 0
github.com/kubeflow/trainer/v2/pkg/apis/trainer/v1alpha1/zz_generated.openapi.go:2806.114,2835.2 1 0
github.com/kubeflow/trainer/v2/pkg/apis/trainer/v1alpha1/zz_generated.openapi.go:2837.114,2866.2 1 0
github.com/kubeflow/trainer/v2/pkg/apis/trainer/v1alpha1/zz_generated.openapi.go:2868.95,2916.2 1 0
github.com/kubeflow/trainer/v2/pkg/apis/trainer/v1alpha1/zz_generated.openapi.go:2918.99,2967.2 1 0
github.com/kubeflow/trainer/v2/pkg/apis/trainer/v1alpha1/zz_generated.openapi.go:2969.99,3041.2 1 0
github.com/kubeflow/trainer/v2/pkg/apis/trainer/v1alpha1/zz_generated.openapi.go:3043.101,3087.2 1 0
github.com/kubeflow/trainer/v2/pkg/apis/trainer/v1alpha1/zz_generated.openapi.go:3089.91,3137.2 1 0
github.com/kubeflow/trainer/v2/pkg/apis/trainer/v1alpha1/zz_generated.openapi.go:3139.100,3195.2 1 0
github.com/kubeflow/trainer/v2/pkg/apis/trainer/v1alpha1/zz_generated.openapi.go:3197.95,3246.2 1 0
github.com/kubeflow/trainer/v2/pkg/apis/trainer/v1alpha1/zz_generated.openapi.go:3248.95,3373.2 1 0
github.com/kubeflow/trainer/v2/pkg/apis/trainer/v1alpha1/zz_generated.openapi.go:3375.97,3476.2 1 0
github.com/kubeflow/trainer/v2/pkg/apis/trainer/v1alpha1/zz_generated.openapi.go:3478.103,3505.2 1 0
github.com/kubeflow/trainer/v2/pkg/apis/trainer/v1alpha1/zz_generated.openapi.go:3507.104,3540.2 1 0
github.com/kubeflow/trainer/v2/pkg/apis/trainer/v1alpha1/zz_generated.openapi.go:3542.126,3590.2 1 0
github.com/kubeflow/trainer/v2/pkg/apis/trainer/v1alpha1/zz_generated.openapi.go:3592.126,3620.2 1 0
github.com/kubeflow/trainer/v2/pkg/apis/trainer/v1alpha1/zz_generated.openapi.go:3622.108,3670.2 1 0
github.com/kubeflow/trainer/v2/pkg/apis/trainer/v1alpha1/zz_generated.openapi.go:3672.101,3705.2 1 0
github.com/kubeflow/trainer/v2/pkg/apis/trainer/v1alpha1/zz_generated.openapi.go:3707.105,3732.2 1 0
github.com/kubeflow/trainer/v2/pkg/apis/trainer/v1alpha1/zz_generated.openapi.go:3734.111,3785.2 1 0
github.com/kubeflow/trainer/v2/pkg/apis/trainer/v1alpha1/zz_generated.openapi.go:3787.119,3828.2 1 0
github.com/kubeflow/trainer/v2/pkg/apis/trainer/v1alpha1/zz_generated.openapi.go:3830.95,3861.2 1 0
github.com/kubeflow/trainer/v2/pkg/apis/trainer/v1alpha1/zz_generated.openapi.go:3863.102,3903.2 1 0
github.com/kubeflow/trainer/v2/pkg/apis/trainer/v1alpha1/zz_generated.openapi.go:3905.101,3933.2 1 0
github.com/kubeflow/trainer/v2/pkg/apis/trainer/v1alpha1/zz_generated.openapi.go:3935.96,3967.2 1 0
github.com/kubeflow/trainer/v2/pkg/apis/trainer/v1alpha1/zz_generated.openapi.go:3969.108,4031.2 1 0
github.com/kubeflow/trainer/v2/pkg/apis/trainer/v1alpha1/zz_generated.openapi.go:4033.118,4075.2 1 0
github.com/kubeflow/trainer/v2/pkg/apis/trainer/v1alpha1/zz_generated.openapi.go:4077.108,4112.2 1 0
github.com/kubeflow/trainer/v2/pkg/apis/trainer/v1alpha1/zz_generated.openapi.go:4114.94,4156.2 1 0
github.com/kubeflow/trainer/v2/pkg/apis/trainer/v1alpha1/zz_generated.openapi.go:4158.112,4248.2 1 0
github.com/kubeflow/trainer/v2/pkg/apis/trainer/v1alpha1/zz_generated.openapi.go:4250.102,4308.2 1 0
github.com/kubeflow/trainer/v2/pkg/apis/trainer/v1alpha1/zz_generated.openapi.go:4310.99,4361.2 1 0
github.com/kubeflow/trainer/v2/pkg/apis/trainer/v1alpha1/zz_generated.openapi.go:4363.115,4431.2 1 0
github.com/kubeflow/trainer/v2/pkg/apis/trainer/v1alpha1/zz_generated.openapi.go:4433.105,4501.2 1 0
github.com/kubeflow/trainer/v2/pkg/apis/trainer/v1alpha1/zz_generated.openapi.go:4503.115,4545.2 1 0
github.com/kubeflow/trainer/v2/pkg/apis/trainer/v1alpha1/zz_generated.openapi.go:4547.105,4589.2 1 0
github.com/kubeflow/trainer/v2/pkg/apis/trainer/v1alpha1/zz_generated.openapi.go:4591.101,4609.2 1 0
github.com/kubeflow/trainer/v2/pkg/apis/trainer/v1alpha1/zz_generated.openapi.go:4611.115,4660.2 1 0
github.com/kubeflow/trainer/v2/pkg/apis/trainer/v1alpha1/zz_generated.openapi.go:4662.105,4704.2 1 0
github.com/kubeflow/trainer/v2/pkg/apis/trainer/v1alpha1/zz_generated.openapi.go:4706.102,4764.2 1 0
github.com/kubeflow/trainer/v2/pkg/apis/trainer/v1alpha1/zz_generated.openapi.go:4766.106,4815.2 1 0
github.com/kubeflow/trainer/v2/pkg/apis/trainer/v1alpha1/zz_generated.openapi.go:4817.96,4889.2 1 0
github.com/kubeflow/trainer/v2/pkg/apis/trainer/v1alpha1/zz_generated.openapi.go:4891.105,4917.2 1 0
github.com/kubeflow/trainer/v2/pkg/apis/trainer/v1alpha1/zz_generated.openapi.go:4919.107,4959.2 1 0
github.com/kubeflow/trainer/v2/pkg/apis/trainer/v1alpha1/zz_generated.openapi.go:4961.100,5010.2 1 0
github.com/kubeflow/trainer/v2/pkg/apis/trainer/v1alpha1/zz_generated.openapi.go:5012.112,5062.2 1 0
github.com/kubeflow/trainer/v2/pkg/apis/trainer/v1alpha1/zz_generated.openapi.go:5064.106,5111.2 1 0
github.com/kubeflow/trainer/v2/pkg/apis/trainer/v1alpha1/zz_generated.openapi.go:5113.108,5167.2 1 0
github.com/kubeflow/trainer/v2/pkg/apis/trainer/v1alpha1/zz_generated.openapi.go:5169.96,5487.2 1 0
github.com/kubeflow/trainer/v2/pkg/apis/trainer/v1alpha1/zz_generated.openapi.go:5489.119,5525.2 1 0
github.com/kubeflow/trainer/v2/pkg/apis/trainer/v1alpha1/zz_generated.openapi.go:5527.101,5565.2 1 0
github.com/kubeflow/trainer/v2/pkg/apis/trainer/v1alpha1/zz_generated.openapi.go:5567.100,5617.2 1 0
github.com/kubeflow/trainer/v2/pkg/apis/trainer/v1alpha1/zz_generated.openapi.go:5619.108,5647.2 1 0
github.com/kubeflow/trainer/v2/pkg/apis/trainer/v1alpha1/zz_generated.openapi.go:5649.107,5676.2 1 0
github.com/kubeflow/trainer/v2/pkg/apis/trainer/v1alpha1/zz_generated.openapi.go:5678.118,5717.2 1 0
github.com/kubeflow/trainer/v2/pkg/apis/trainer/v1alpha1/zz_generated.openapi.go:5719.101,5750.2 1 0
github.com/kubeflow/trainer/v2/pkg/apis/trainer/v1alpha1/zz_generated.openapi.go:5752.108,5771.2 1 0
github.com/kubeflow/trainer/v2/pkg/apis/trainer/v1alpha1/zz_generated.openapi.go:5773.111,5835.2 1 0
github.com/kubeflow/trainer/v2/pkg/apis/trainer/v1alpha1/zz_generated.openapi.go:5837.108,5862.2 1 0
github.com/kubeflow/trainer/v2/pkg/apis/trainer/v1alpha1/zz_generated.openapi.go:5864.102,6028.2 1 0
github.com/kubeflow/trainer/v2/pkg/apis/trainer/v1alpha1/zz_generated.openapi.go:6030.100,6049.2 1 0
github.com/kubeflow/trainer/v2/pkg/apis/trainer/v1alpha1/zz_generated.openapi.go:6051.101,6071.2 1 0
github.com/kubeflow/trainer/v2/pkg/apis/trainer/v1alpha1/zz_generated.openapi.go:6073.108,6105.2 1 0
github.com/kubeflow/trainer/v2/pkg/apis/trainer/v1alpha1/zz_generated.openapi.go:6107.108,6148.2 1 0
github.com/kubeflow/trainer/v2/pkg/apis/trainer/v1alpha1/zz_generated.openapi.go:6150.110,6189.2 1 0
github.com/kubeflow/trainer/v2/pkg/apis/trainer/v1alpha1/zz_generated.openapi.go:6191.107,6217.2 1 0
github.com/kubeflow/trainer/v2/pkg/apis/trainer/v1alpha1/zz_generated.openapi.go:6219.102,6266.2 1 0
github.com/kubeflow/trainer/v2/pkg/apis/trainer/v1alpha1/zz_generated.openapi.go:6268.99,6315.2 1 0
github.com/kubeflow/trainer/v2/pkg/apis/trainer/v1alpha1/zz_generated.openapi.go:6317.101,6387.2 1 0
github.com/kubeflow/trainer/v2/pkg/apis/trainer/v1alpha1/zz_generated.openapi.go:6389.96,6442.2 1 0
github.com/kubeflow/trainer/v2/pkg/apis/trainer/v1alpha1/zz_generated.openapi.go:6444.100,6493.2 1 0
github.com/kubeflow/trainer/v2/pkg/apis/trainer/v1alpha1/zz_generated.openapi.go:6495.100,6527.2 1 0
github.com/kubeflow/trainer/v2/pkg/apis/trainer/v1alpha1/zz_generated.openapi.go:6529.93,6564.2 1 0
github.com/kubeflow/trainer/v2/pkg/apis/trainer/v1alpha1/zz_generated.openapi.go:6566.99,6609.2 1 0
github.com/kubeflow/trainer/v2/pkg/apis/trainer/v1alpha1/zz_generated.openapi.go:6611.105,6936.2 1 0
github.com/kubeflow/trainer/v2/pkg/apis/trainer/v1alpha1/zz_generated.openapi.go:6938.111,7256.2 1 0
github.com/kubeflow/trainer/v2/pkg/apis/trainer/v1alpha1/zz_generated.openapi.go:7258.108,7277.2 1 0
github.com/kubeflow/trainer/v2/pkg/apis/trainer/v1alpha1/zz_generated.openapi.go:7279.92,7409.2 1 0
github.com/kubeflow/trainer/v2/pkg/apis/trainer/v1alpha1/zz_generated.openapi.go:7411.96,7460.2 1 0
github.com/kubeflow/trainer/v2/pkg/apis/trainer/v1alpha1/zz_generated.openapi.go:7462.98,7488.2 1 0
github.com/kubeflow/trainer/v2/pkg/apis/trainer/v1alpha1/zz_generated.openapi.go:7490.98,7515.2 1 0
github.com/kubeflow/trainer/v2/pkg/apis/trainer/v1alpha1/zz_generated.openapi.go:7517.97,7548.2 1 0
github.com/kubeflow/trainer/v2/pkg/apis/trainer/v1alpha1/zz_generated.openapi.go:7550.101,7622.2 1 0
github.com/kubeflow/trainer/v2/pkg/apis/trainer/v1alpha1/zz_generated.openapi.go:7624.102,7673.2 1 0
github.com/kubeflow/trainer/v2/pkg/apis/trainer/v1alpha1/zz_generated.openapi.go:7675.113,7733.2 1 0
github.com/kubeflow/trainer/v2/pkg/apis/trainer/v1alpha1/zz_generated.openapi.go:7735.103,7793.2 1 0
github.com/kubeflow/trainer/v2/pkg/apis/trainer/v1alpha1/zz_generated.openapi.go:7795.106,7820.2 1 0
github.com/kubeflow/trainer/v2/pkg/apis/trainer/v1alpha1/zz_generated.openapi.go:7822.116,7863.2 1 0
github.com/kubeflow/trainer/v2/pkg/apis/trainer/v1alpha1/zz_generated.openapi.go:7865.97,7893.2 1 0
github.com/kubeflow/trainer/v2/pkg/apis/trainer/v1alpha1/zz_generated.openapi.go:7895.106,7929.2 1 0
github.com/kubeflow/trainer/v2/pkg/apis/trainer/v1alpha1/zz_generated.openapi.go:7931.118,7973.2 1 0
github.com/kubeflow/trainer/v2/pkg/apis/trainer/v1alpha1/zz_generated.openapi.go:7975.108,8010.2 1 0
github.com/kubeflow/trainer/v2/pkg/apis/trainer/v1alpha1/zz_generated.openapi.go:8012.100,8073.2 1 0
[...]
github.com/kubeflow/trainer/v2/pkg/util/testing/wrapper.go:776.102,779.2 2 0
github.com/kubeflow/trainer/v2/pkg/util/testing/wrapper.go:781.125,784.2 2 0
github.com/kubeflow/trainer/v2/pkg/util/testing/wrapper.go:786.75,788.2 1 0
github.com/kubeflow/trainer/v2/pkg/util/testing/wrapper.go:794.81,923.2 1 0
github.com/kubeflow/trainer/v2/pkg/util/testing/wrapper.go:925.83,926.21 1 0
github.com/kubeflow/trainer/v2/pkg/util/testing/wrapper.go:926.21,928.3 1 0
github.com/kubeflow/trainer/v2/pkg/util/testing/wrapper.go:929.2,930.10 2 0
github.com/kubeflow/trainer/v2/pkg/util/testing/wrapper.go:933.88,934.26 1 0
github.com/kubeflow/trainer/v2/pkg/util/testing/wrapper.go:934.26,936.3 1 0
github.com/kubeflow/trainer/v2/pkg/util/testing/wrapper.go:937.2,938.10 2 0
github.com/kubeflow/trainer/v2/pkg/util/testing/wrapper.go:941.82,944.2 2 0
github.com/kubeflow/trainer/v2/pkg/util/testing/wrapper.go:946.91,949.2 2 0
github.com/kubeflow/trainer/v2/pkg/util/testing/wrapper.go:951.104,954.2 2 0
github.com/kubeflow/trainer/v2/pkg/util/testing/wrapper.go:956.65,958.2 1 0
github.com/kubeflow/trainer/v2/pkg/util/testing/wrapper.go:964.84,1077.2 1 0
github.com/kubeflow/trainer/v2/pkg/util/testing/wrapper.go:1079.96,1082.2 2 0
github.com/kubeflow/trainer/v2/pkg/util/testing/wrapper.go:1084.105,1087.2 2 0
github.com/kubeflow/trainer/v2/pkg/util/testing/wrapper.go:1089.118,1092.2 2 0
github.com/kubeflow/trainer/v2/pkg/util/testing/wrapper.go:1094.79,1096.2 1 0
github.com/kubeflow/trainer/v2/pkg/util/testing/wrapper.go:1102.99,1106.2 1 0
github.com/kubeflow/trainer/v2/pkg/util/testing/wrapper.go:1108.109,1111.2 2 0
github.com/kubeflow/trainer/v2/pkg/util/testing/wrapper.go:1113.107,1116.2 2 0
github.com/kubeflow/trainer/v2/pkg/util/testing/wrapper.go:1118.84,1119.54 1 0
github.com/kubeflow/trainer/v2/pkg/util/testing/wrapper.go:1119.54,1120.34 1 0
github.com/kubeflow/trainer/v2/pkg/util/testing/wrapper.go:1120.34,1140.4 3 0
github.com/kubeflow/trainer/v2/pkg/util/testing/wrapper.go:1142.2,1142.10 1 0
github.com/kubeflow/trainer/v2/pkg/util/testing/wrapper.go:1145.112,1146.54 1 0
github.com/kubeflow/trainer/v2/pkg/util/testing/wrapper.go:1146.54,1147.44 1 0
github.com/kubeflow/trainer/v2/pkg/util/testing/wrapper.go:1147.44,1149.4 1 0
github.com/kubeflow/trainer/v2/pkg/util/testing/wrapper.go:1151.2,1151.10 1 0
github.com/kubeflow/trainer/v2/pkg/util/testing/wrapper.go:1154.142,1155.54 1 0
github.com/kubeflow/trainer/v2/pkg/util/testing/wrapper.go:1155.54,1156.28 1 0
github.com/kubeflow/trainer/v2/pkg/util/testing/wrapper.go:1156.28,1164.4 1 0
github.com/kubeflow/trainer/v2/pkg/util/testing/wrapper.go:1166.2,1166.10 1 0
github.com/kubeflow/trainer/v2/pkg/util/testing/wrapper.go:1169.173,1170.54 1 0
github.com/kubeflow/trainer/v2/pkg/util/testing/wrapper.go:1170.54,1171.28 1 0
github.com/kubeflow/trainer/v2/pkg/util/testing/wrapper.go:1171.28,1172.74 1 0
github.com/kubeflow/trainer/v2/pkg/util/testing/wrapper.go:1172.74,1173.40 1 0
github.com/kubeflow/trainer/v2/pkg/util/testing/wrapper.go:1173.40,1179.6 5 0
github.com/kubeflow/trainer/v2/pkg/util/testing/wrapper.go:1181.4,1192.5 1 0
github.com/kubeflow/trainer/v2/pkg/util/testing/wrapper.go:1195.2,1195.10 1 0
github.com/kubeflow/trainer/v2/pkg/util/testing/wrapper.go:1198.125,1199.54 1 0
github.com/kubeflow/trainer/v2/pkg/util/testing/wrapper.go:1199.54,1200.28 1 0
github.com/kubeflow/trainer/v2/pkg/util/testing/wrapper.go:1200.28,1201.74 1 0
github.com/kubeflow/trainer/v2/pkg/util/testing/wrapper.go:1201.74,1202.40 1 0
github.com/kubeflow/trainer/v2/pkg/util/testing/wrapper.go:1202.40,1206.6 1 0
github.com/kubeflow/trainer/v2/pkg/util/testing/wrapper.go:1210.2,1210.10 1 0
github.com/kubeflow/trainer/v2/pkg/util/testing/wrapper.go:1213.140,1220.2 2 0
github.com/kubeflow/trainer/v2/pkg/util/testing/wrapper.go:1222.125,1223.69 1 0
github.com/kubeflow/trainer/v2/pkg/util/testing/wrapper.go:1223.69,1227.3 1 0
github.com/kubeflow/trainer/v2/pkg/util/testing/wrapper.go:1228.2,1229.10 2 0
github.com/kubeflow/trainer/v2/pkg/util/testing/wrapper.go:1232.72,1234.2 1 0
github.com/kubeflow/trainer/v2/pkg/util/testing/wrapper.go:1240.45,1244.2 1 0
github.com/kubeflow/trainer/v2/pkg/util/testing/wrapper.go:1246.73,1249.2 2 0
github.com/kubeflow/trainer/v2/pkg/util/testing/wrapper.go:1251.94,1254.2 2 0
github.com/kubeflow/trainer/v2/pkg/util/testing/wrapper.go:1256.51,1258.2 1 0
github.com/kubeflow/trainer/v2/pkg/util/testing/wrapper.go:1264.57,1266.2 1 0
github.com/kubeflow/trainer/v2/pkg/util/testing/wrapper.go:1268.147,1269.20 1 0
github.com/kubeflow/trainer/v2/pkg/util/testing/wrapper.go:1269.20,1271.3 1 0
github.com/kubeflow/trainer/v2/pkg/util/testing/wrapper.go:1272.2,1276.10 2 0
github.com/kubeflow/trainer/v2/pkg/util/testing/wrapper.go:1279.184,1280.18 1 0
github.com/kubeflow/trainer/v2/pkg/util/testing/wrapper.go:1280.18,1282.3 1 0
github.com/kubeflow/trainer/v2/pkg/util/testing/wrapper.go:1283.2,1287.10 5 0
github.com/kubeflow/trainer/v2/pkg/util/testing/wrapper.go:1290.63,1292.2 1 0
github.com/kubeflow/trainer/v2/pkg/util/testing/wrapper.go:1298.92,1311.2 1 0
github.com/kubeflow/trainer/v2/pkg/util/testing/wrapper.go:1313.101,1316.2 2 0
github.com/kubeflow/trainer/v2/pkg/util/testing/wrapper.go:1318.120,1321.2 2 0
github.com/kubeflow/trainer/v2/pkg/util/testing/wrapper.go:1323.109,1326.2 2 0
github.com/kubeflow/trainer/v2/pkg/util/testing/wrapper.go:1328.143,1338.2 2 0
github.com/kubeflow/trainer/v2/pkg/util/testing/wrapper.go:1340.84,1342.2 1 0
github.com/kubeflow/trainer/v2/pkg/util/testing/wrapper.go:1348.74,1361.2 1 0
github.com/kubeflow/trainer/v2/pkg/util/testing/wrapper.go:1363.83,1366.2 2 0
github.com/kubeflow/trainer/v2/pkg/util/testing/wrapper.go:1368.103,1371.2 2 0
github.com/kubeflow/trainer/v2/pkg/util/testing/wrapper.go:1373.78,1376.2 2 0
github.com/kubeflow/trainer/v2/pkg/util/testing/wrapper.go:1378.87,1381.2 2 0
github.com/kubeflow/trainer/v2/pkg/util/testing/wrapper.go:1383.132,1389.2 2 0
github.com/kubeflow/trainer/v2/pkg/util/testing/wrapper.go:1391.125,1401.2 3 0
github.com/kubeflow/trainer/v2/pkg/util/testing/wrapper.go:1403.65,1405.2 1 0
github.com/kubeflow/trainer/v2/pkg/util/testing/wrapper.go:1411.62,1424.2 1 0
github.com/kubeflow/trainer/v2/pkg/util/testing/wrapper.go:1426.79,1427.19 1 0
github.com/kubeflow/trainer/v2/pkg/util/testing/wrapper.go:1427.19,1429.3 1 0
github.com/kubeflow/trainer/v2/pkg/util/testing/wrapper.go:1430.2,1430.25 1 0
github.com/kubeflow/trainer/v2/pkg/util/testing/wrapper.go:1430.25,1432.3 1 0
github.com/kubeflow/trainer/v2/pkg/util/testing/wrapper.go:1433.2,1433.10 1 0
github.com/kubeflow/trainer/v2/pkg/util/testing/wrapper.go:1436.113,1446.2 2 0
github.com/kubeflow/trainer/v2/pkg/util/testing/wrapper.go:1448.52,1450.2 1 0
github.com/kubeflow/trainer/v2/pkg/util/testing/wrapper.go:1456.56,1469.2 1 0
github.com/kubeflow/trainer/v2/pkg/util/testing/wrapper.go:1471.70,1474.2 2 0
github.com/kubeflow/trainer/v2/pkg/util/testing/wrapper.go:1476.73,1477.19 1 0
github.com/kubeflow/trainer/v2/pkg/util/testing/wrapper.go:1477.19,1479.3 1 0
github.com/kubeflow/trainer/v2/pkg/util/testing/wrapper.go:1480.2,1480.25 1 0
github.com/kubeflow/trainer/v2/pkg/util/testing/wrapper.go:1480.25,1482.3 1 0
github.com/kubeflow/trainer/v2/pkg/util/testing/wrapper.go:1483.2,1483.10 1 0
github.com/kubeflow/trainer/v2/pkg/util/testing/wrapper.go:1486.70,1489.2 2 0
github.com/kubeflow/trainer/v2/pkg/util/testing/wrapper.go:1491.107,1501.2 2 0
github.com/kubeflow/trainer/v2/pkg/util/testing/wrapper.go:1503.46,1505.2 1 0
github.com/kubeflow/trainer/v2/pkg/runtime/framework/plugins/volcano/volcano.go:74.100,80.2 1 1
github.com/kubeflow/trainer/v2/pkg/runtime/framework/plugins/volcano/volcano.go:82.33,84.2 1 0
github.com/kubeflow/trainer/v2/pkg/runtime/framework/plugins/volcano/volcano.go:86.136,89.130 2 1
github.com/kubeflow/trainer/v2/pkg/runtime/framework/plugins/volcano/volcano.go:89.130,91.3 1 1
github.com/kubeflow/trainer/v2/pkg/runtime/framework/plugins/volcano/volcano.go:93.2,96.78 2 1
github.com/kubeflow/trainer/v2/pkg/runtime/framework/plugins/volcano/volcano.go:96.78,97.18 1 1
github.com/kubeflow/trainer/v2/pkg/runtime/framework/plugins/volcano/volcano.go:97.18,100.4 1 1
github.com/kubeflow/trainer/v2/pkg/runtime/framework/plugins/volcano/volcano.go:104.2,105.29 2 1
github.com/kubeflow/trainer/v2/pkg/runtime/framework/plugins/volcano/volcano.go:105.29,106.48 1 1
github.com/kubeflow/trainer/v2/pkg/runtime/framework/plugins/volcano/volcano.go:106.48,107.130 1 1
github.com/kubeflow/trainer/v2/pkg/runtime/framework/plugins/volcano/volcano.go:107.130,109.33 2 1
github.com/kubeflow/trainer/v2/pkg/runtime/framework/plugins/volcano/volcano.go:109.33,112.81 2 1
github.com/kubeflow/trainer/v2/pkg/runtime/framework/plugins/volcano/volcano.go:112.81,114.7 1 0
github.com/kubeflow/trainer/v2/pkg/runtime/framework/plugins/volcano/volcano.go:116.6,117.87 2 1
github.com/kubeflow/trainer/v2/pkg/runtime/framework/plugins/volcano/volcano.go:117.87,120.7 1 1
github.com/kubeflow/trainer/v2/pkg/runtime/framework/plugins/volcano/volcano.go:126.2,126.21 1 1
github.com/kubeflow/trainer/v2/pkg/runtime/framework/plugins/volcano/volcano.go:129.95,130.132 1 1
github.com/kubeflow/trainer/v2/pkg/runtime/framework/plugins/volcano/volcano.go:130.132,132.3 1 1
github.com/kubeflow/trainer/v2/pkg/runtime/framework/plugins/volcano/volcano.go:133.2,133.42 1 1
github.com/kubeflow/trainer/v2/pkg/runtime/framework/plugins/volcano/volcano.go:133.42,135.3 1 1
github.com/kubeflow/trainer/v2/pkg/runtime/framework/plugins/volcano/volcano.go:136.2,137.12 2 1
github.com/kubeflow/trainer/v2/pkg/runtime/framework/plugins/volcano/volcano.go:140.135,141.132 1 1
github.com/kubeflow/trainer/v2/pkg/runtime/framework/plugins/volcano/volcano.go:141.132,143.3 1 1
github.com/kubeflow/trainer/v2/pkg/runtime/framework/plugins/volcano/volcano.go:146.2,147.93 2 1
github.com/kubeflow/trainer/v2/pkg/runtime/framework/plugins/volcano/volcano.go:147.93,148.33 1 1
github.com/kubeflow/trainer/v2/pkg/runtime/framework/plugins/volcano/volcano.go:148.33,150.4 1 1
github.com/kubeflow/trainer/v2/pkg/runtime/framework/plugins/volcano/volcano.go:151.3,151.20 1 1
github.com/kubeflow/trainer/v2/pkg/runtime/framework/plugins/volcano/volcano.go:153.2,153.68 1 1
github.com/kubeflow/trainer/v2/pkg/runtime/framework/plugins/volcano/volcano.go:153.68,155.3 1 1
github.com/kubeflow/trainer/v2/pkg/runtime/framework/plugins/volcano/volcano.go:157.2,162.47 4 1
github.com/kubeflow/trainer/v2/pkg/runtime/framework/plugins/volcano/volcano.go:162.47,165.55 3 1
github.com/kubeflow/trainer/v2/pkg/runtime/framework/plugins/volcano/volcano.go:165.55,170.4 4 1
github.com/kubeflow/trainer/v2/pkg/runtime/framework/plugins/volcano/volcano.go:172.2,179.78 2 1
github.com/kubeflow/trainer/v2/pkg/runtime/framework/plugins/volcano/volcano.go:179.78,181.3 1 1
github.com/kubeflow/trainer/v2/pkg/runtime/framework/plugins/volcano/volcano.go:184.2,185.29 2 1
github.com/kubeflow/trainer/v2/pkg/runtime/framework/plugins/volcano/volcano.go:185.29,186.48 1 1
github.com/kubeflow/trainer/v2/pkg/runtime/framework/plugins/volcano/volcano.go:186.48,187.130 1 1
github.com/kubeflow/trainer/v2/pkg/runtime/framework/plugins/volcano/volcano.go:187.130,189.33 2 1
github.com/kubeflow/trainer/v2/pkg/runtime/framework/plugins/volcano/volcano.go:189.33,191.6 1 1
github.com/kubeflow/trainer/v2/pkg/runtime/framework/plugins/volcano/volcano.go:196.2,196.40 1 1
github.com/kubeflow/trainer/v2/pkg/runtime/framework/plugins/volcano/volcano.go:196.40,200.3 1 1
github.com/kubeflow/trainer/v2/pkg/runtime/framework/plugins/volcano/volcano.go:202.2,210.49 2 1
github.com/kubeflow/trainer/v2/pkg/runtime/framework/plugins/volcano/volcano.go:219.174,222.81 3 0
github.com/kubeflow/trainer/v2/pkg/runtime/framework/plugins/volcano/volcano.go:222.81,224.3 1 0
github.com/kubeflow/trainer/v2/pkg/runtime/framework/plugins/volcano/volcano.go:227.174,230.84 3 0
github.com/kubeflow/trainer/v2/pkg/runtime/framework/plugins/volcano/volcano.go:230.84,232.3 1 0
github.com/kubeflow/trainer/v2/pkg/runtime/framework/plugins/volcano/volcano.go:235.174,238.81 3 0
github.com/kubeflow/trainer/v2/pkg/runtime/framework/plugins/volcano/volcano.go:238.81,240.3 1 0
github.com/kubeflow/trainer/v2/pkg/runtime/framework/plugins/volcano/volcano.go:243.169,244.2 0 0
github.com/kubeflow/trainer/v2/pkg/runtime/framework/plugins/volcano/volcano.go:246.184,248.153 2 0
github.com/kubeflow/trainer/v2/pkg/runtime/framework/plugins/volcano/volcano.go:248.153,250.3 1 0
github.com/kubeflow/trainer/v2/pkg/runtime/framework/plugins/volcano/volcano.go:251.2,252.167 2 0
github.com/kubeflow/trainer/v2/pkg/runtime/framework/plugins/volcano/volcano.go:252.167,254.3 1 0
github.com/kubeflow/trainer/v2/pkg/runtime/framework/plugins/volcano/volcano.go:256.2,257.57 2 0
github.com/kubeflow/trainer/v2/pkg/runtime/framework/plugins/volcano/volcano.go:257.57,260.17 3 0
github.com/kubeflow/trainer/v2/pkg/runtime/framework/plugins/volcano/volcano.go:260.17,262.4 1 0
github.com/kubeflow/trainer/v2/pkg/runtime/framework/plugins/volcano/volcano.go:263.3,263.71 1 0
github.com/kubeflow/trainer/v2/pkg/runtime/framework/plugins/volcano/volcano.go:265.2,265.71 1 0
github.com/kubeflow/trainer/v2/pkg/runtime/framework/plugins/volcano/volcano.go:265.71,268.17 3 0
github.com/kubeflow/trainer/v2/pkg/runtime/framework/plugins/volcano/volcano.go:268.17,270.4 1 0
github.com/kubeflow/trainer/v2/pkg/runtime/framework/plugins/volcano/volcano.go:271.3,271.73 1 0
github.com/kubeflow/trainer/v2/pkg/runtime/framework/plugins/volcano/volcano.go:273.2,273.77 1 0
github.com/kubeflow/trainer/v2/pkg/runtime/framework/plugins/volcano/volcano.go:273.77,275.3 1 0
github.com/kubeflow/trainer/v2/pkg/runtime/framework/plugins/volcano/volcano.go:276.2,276.37 1 0
github.com/kubeflow/trainer/v2/pkg/runtime/framework/plugins/volcano/volcano.go:276.37,277.46 1 0
github.com/kubeflow/trainer/v2/pkg/runtime/framework/plugins/volcano/volcano.go:277.46,279.4 1 0
github.com/kubeflow/trainer/v2/pkg/runtime/framework/plugins/volcano/volcano.go:281.2,281.12 1 0
github.com/kubeflow/trainer/v2/pkg/runtime/framework/plugins/volcano/volcano.go:290.170,293.79 3 0
github.com/kubeflow/trainer/v2/pkg/runtime/framework/plugins/volcano/volcano.go:293.79,295.3 1 0
github.com/kubeflow/trainer/v2/pkg/runtime/framework/plugins/volcano/volcano.go:298.170,301.82 3 0
github.com/kubeflow/trainer/v2/pkg/runtime/framework/plugins/volcano/volcano.go:301.82,303.3 1 0
github.com/kubeflow/trainer/v2/pkg/runtime/framework/plugins/volcano/volcano.go:306.170,309.79 3 0
github.com/kubeflow/trainer/v2/pkg/runtime/framework/plugins/volcano/volcano.go:309.79,311.3 1 0
github.com/kubeflow/trainer/v2/pkg/runtime/framework/plugins/volcano/volcano.go:314.165,315.2 0 0
github.com/kubeflow/trainer/v2/pkg/runtime/framework/plugins/volcano/volcano.go:317.157,319.79 2 0
github.com/kubeflow/trainer/v2/pkg/runtime/framework/plugins/volcano/volcano.go:319.79,321.3 1 0
github.com/kubeflow/trainer/v2/pkg/runtime/framework/plugins/volcano/volcano.go:322.2,322.43 1 0
github.com/kubeflow/trainer/v2/pkg/runtime/framework/plugins/volcano/volcano.go:322.43,323.46 1 0
github.com/kubeflow/trainer/v2/pkg/runtime/framework/plugins/volcano/volcano.go:323.46,325.4 1 0
github.com/kubeflow/trainer/v2/pkg/runtime/framework/plugins/volcano/volcano.go:327.2,327.12 1 0
github.com/kubeflow/trainer/v2/pkg/runtime/framework/plugins/volcano/volcano.go:330.68,334.16 1 0
github.com/kubeflow/trainer/v2/pkg/runtime/framework/plugins/volcano/volcano.go:334.16,337.3 2 0
github.com/kubeflow/trainer/v2/pkg/runtime/framework/plugins/volcano/volcano.go:338.2,339.82 1 0
github.com/kubeflow/trainer/v2/pkg/runtime/framework/plugins/volcano/volcano.go:339.82,346.4 1 0
github.com/kubeflow/trainer/v2/pkg/runtime/framework/plugins/volcano/volcano.go:347.82,351.4 1 0
github.com/kubeflow/trainer/v2/pkg/runtime/framework/plugins/volcano/volcano.go:352.82,356.4 1 0
github.com/kubeflow/trainer/v2/pkg/webhooks/clustertrainingruntime_webhook.go:39.68,43.2 1 0
github.com/kubeflow/trainer/v2/pkg/webhooks/clustertrainingruntime_webhook.go:45.144,49.53 4 1
github.com/kubeflow/trainer/v2/pkg/webhooks/clustertrainingruntime_webhook.go:49.53,55.3 1 1
github.com/kubeflow/trainer/v2/pkg/webhooks/clustertrainingruntime_webhook.go:56.2,56.94 1 1
github.com/kubeflow/trainer/v2/pkg/webhooks/clustertrainingruntime_webhook.go:59.155,63.2 3 0
github.com/kubeflow/trainer/v2/pkg/webhooks/clustertrainingruntime_webhook.go:65.144,67.2 1 0
github.com/kubeflow/trainer/v2/pkg/webhooks/setup.go:26.83,27.67 1 0
github.com/kubeflow/trainer/v2/pkg/webhooks/setup.go:27.67,29.3 1 0
github.com/kubeflow/trainer/v2/pkg/webhooks/setup.go:30.2,30.60 1 0
github.com/kubeflow/trainer/v2/pkg/webhooks/setup.go:30.60,32.3 1 0
github.com/kubeflow/trainer/v2/pkg/webhooks/setup.go:33.2,33.63 1 0
github.com/kubeflow/trainer/v2/pkg/webhooks/setup.go:33.63,35.3 1 0
github.com/kubeflow/trainer/v2/pkg/webhooks/setup.go:36.2,36.16 1 0
github.com/kubeflow/trainer/v2/pkg/webhooks/trainingruntime_webhook.go:54.61,58.2 1 0
github.com/kubeflow/trainer/v2/pkg/webhooks/trainingruntime_webhook.go:60.130,64.2 3 0
github.com/kubeflow/trainer/v2/pkg/webhooks/trainingruntime_webhook.go:66.83,73.31 4 1
github.com/kubeflow/trainer/v2/pkg/webhooks/trainingruntime_webhook.go:73.31,74.34 1 1
github.com/kubeflow/trainer/v2/pkg/webhooks/trainingruntime_webhook.go:74.34,75.12 1 1
github.com/kubeflow/trainer/v2/pkg/webhooks/trainingruntime_webhook.go:78.3,78.117 1 1
github.com/kubeflow/trainer/v2/pkg/webhooks/trainingruntime_webhook.go:78.117,79.26 1 1
github.com/kubeflow/trainer/v2/pkg/webhooks/trainingruntime_webhook.go:79.26,81.5 1 1
github.com/kubeflow/trainer/v2/pkg/webhooks/trainingruntime_webhook.go:88.4,89.74 2 1
github.com/kubeflow/trainer/v2/pkg/webhooks/trainingruntime_webhook.go:89.74,90.64 1 1
github.com/kubeflow/trainer/v2/pkg/webhooks/trainingruntime_webhook.go:90.64,92.11 2 1
github.com/kubeflow/trainer/v2/pkg/webhooks/trainingruntime_webhook.go:95.4,95.29 1 1
github.com/kubeflow/trainer/v2/pkg/webhooks/trainingruntime_webhook.go:95.29,101.5 1 1
github.com/kubeflow/trainer/v2/pkg/webhooks/trainingruntime_webhook.go:104.2,104.16 1 1
github.com/kubeflow/trainer/v2/pkg/webhooks/trainingruntime_webhook.go:107.141,109.2 1 0
github.com/kubeflow/trainer/v2/pkg/webhooks/trainingruntime_webhook.go:111.130,113.2 1 0
github.com/kubeflow/trainer/v2/pkg/webhooks/trainjob_webhook.go:40.86,44.2 1 0
github.com/kubeflow/trainer/v2/pkg/webhooks/trainjob_webhook.go:46.116,52.9 5 1
github.com/kubeflow/trainer/v2/pkg/webhooks/trainjob_webhook.go:52.9,54.3 1 0
github.com/kubeflow/trainer/v2/pkg/webhooks/trainjob_webhook.go:55.2,56.39 2 1
github.com/kubeflow/trainer/v2/pkg/webhooks/trainjob_webhook.go:59.127,65.9 5 0
github.com/kubeflow/trainer/v2/pkg/webhooks/trainjob_webhook.go:65.9,67.3 1 0
github.com/kubeflow/trainer/v2/pkg/webhooks/trainjob_webhook.go:68.2,69.39 2 0
github.com/kubeflow/trainer/v2/pkg/webhooks/trainjob_webhook.go:72.116,74.2 1 0
github.com/kubeflow/trainer/v2/test/integration/framework/framework.go:56.41,75.2 7 0
github.com/kubeflow/trainer/v2/test/integration/framework/framework.go:77.106,108.22 16 0
github.com/kubeflow/trainer/v2/test/integration/framework/framework.go:108.22,120.3 3 0
github.com/kubeflow/trainer/v2/test/integration/framework/framework.go:122.2,126.12 4 0
github.com/kubeflow/trainer/v2/test/integration/framework/framework.go:126.12,130.3 3 0
github.com/kubeflow/trainer/v2/test/integration/framework/framework.go:132.2,134.42 3 0
github.com/kubeflow/trainer/v2/test/integration/framework/framework.go:134.42,139.3 4 0
github.com/kubeflow/trainer/v2/test/integration/framework/framework.go:140.2,140.23 1 0
github.com/kubeflow/trainer/v2/test/integration/framework/framework.go:143.32,145.21 2 0
github.com/kubeflow/trainer/v2/test/integration/framework/framework.go:145.21,147.3 1 0
github.com/kubeflow/trainer/v2/test/integration/framework/framework.go:148.2,148.75 1 0
github.com/kubeflow/trainer/v2/test/util/constants.go:45.56,45.82 1 0
